<?xml version="1.0" encoding="UTF-8"?>
<testng-results skipped="0" failed="0" ignored="103" total="130" passed="27">
  <reporter-output>
    <line>
      <![CDATA[[Log:] [Info] Loading InitHelper]]>
    </line>
    <line>
      <![CDATA[[Log:] [Info] Loading InitHelper Arrays...]]>
    </line>
    <line>
      <![CDATA[[Log:] [Info] Loading InitHelper Arrays...Done]]>
    </line>
    <line>
      <![CDATA[[Log:] [Done] InitHelper loaded 139/553 data]]>
    </line>
    <line>
      <![CDATA[[Log:] Start automation test in chrome with Dimensions: (1280, 1024)]]>
    </line>
    <line>
      <![CDATA[[Log:] Start automation test in chrome with Dimensions: (1280, 1024)]]>
    </line>
    <line>
      <![CDATA[[Test Case Name] RegisteredUser - Login from Home Page (My Account)]]>
    </line>
    <line>
      <![CDATA[[Test Case Name] GuestUser - Able to pay using credit card]]>
    </line>
    <line>
      <![CDATA[[PASSED] Open https://shop.samsung.com/it]]>
    </line>
    <line>
      <![CDATA[[PASSED] Hover to Shop Menu]]>
    </line>
    <line>
      <![CDATA[[PASSED] Open https://shop.samsung.com/it]]>
    </line>
    <line>
      <![CDATA[[PASSED] Mobile Element is clicked]]>
    </line>
    <line>
      <![CDATA[[PASSED] Login Link is clicked]]>
    </line>
    <line>
      <![CDATA[[PASSED] Login Email Textbox TextBox is populated with 'reguser28@gmail.com']]>
    </line>
    <line>
      <![CDATA[[PASSED] Password Textbox TextBox is populated with '***********']]>
    </line>
    <line>
      <![CDATA[[PASSED] Login Button Element is clicked]]>
    </line>
    <line>
      <![CDATA[[PASSED] Shop All Phones Element is clicked]]>
    </line>
    <line>
      <![CDATA[[PASSED] Add to Cart first product with stock Element is clicked]]>
    </line>
    <line>
      <![CDATA[[PASSED] Checkout Button Element is clicked]]>
    </line>
    <line>
      <![CDATA[[PASSED] Account Icon Element is displayed]]>
    </line>
    <line>
      <![CDATA[[Log:] chrome instance closed.]]>
    </line>
    <line>
      <![CDATA[[Log:] Start automation test in chrome with Dimensions: (1280, 1024)]]>
    </line>
    <line>
      <![CDATA[[Test Case Name] RegisteredUser - Login from Home Page(My Account) via shop menu]]>
    </line>
    <line>
      <![CDATA[[PASSED] Checkout Button Element is clicked]]>
    </line>
    <line>
      <![CDATA[[PASSED] Email TextBox is populated with 'samtest.guest4@gmail.com']]>
    </line>
    <line>
      <![CDATA[[PASSED] Continue Button Element is clicked]]>
    </line>
    <line>
      <![CDATA[[PASSED] Open https://shop.samsung.com/it]]>
    </line>
    <line>
      <![CDATA[[PASSED] Hover to Shop Menu]]>
    </line>
    <line>
      <![CDATA[[PASSED] Selected index 1 from Salutation ListBox]]>
    </line>
    <line>
      <![CDATA[[PASSED] Firstname TextBox is populated with 'John']]>
    </line>
    <line>
      <![CDATA[[PASSED] Lastname TextBox is populated with 'Doe StgIT']]>
    </line>
    <line>
      <![CDATA[[PASSED] Mobile TextBox is populated with '0612345678']]>
    </line>
    <line>
      <![CDATA[[PASSED] My account Element is clicked]]>
    </line>
    <line>
      <![CDATA[[PASSED] Street/Road TextBox is populated with '21st Jump Street']]>
    </line>
    <line>
      <![CDATA[[PASSED] Street/Road 2 TextBox is populated with 'Narrow Street']]>
    </line>
    <line>
      <![CDATA[[PASSED] City TextBox is populated with 'Milan']]>
    </line>
    <line>
      <![CDATA[[PASSED] Selected Alessandria from Province dropdown menu ListBox]]>
    </line>
    <line>
      <![CDATA[[PASSED] Province selected and displayed]]>
    </line>
    <line>
      <![CDATA[[PASSED] Postcode TextBox is populated with '12345']]>
    </line>
    <line>
      <![CDATA[[PASSED] track-order is displayed]]>
    </line>
    <line>
      <![CDATA[[PASSED] Email TextBox is populated with 'reguser28@gmail.com']]>
    </line>
    <line>
      <![CDATA[[PASSED] Password TextBox is populated with '***********']]>
    </line>
    <line>
      <![CDATA[[PASSED] Sign-In button Element is clicked]]>
    </line>
    <line>
      <![CDATA[[PASSED] Continue button is clicked]]>
    </line>
    <line>
      <![CDATA[[PASSED] Credit Card is Default]]>
    </line>
    <line>
      <![CDATA[[PASSED] Credit Card Element is clicked]]>
    </line>
    <line>
      <![CDATA[[PASSED] orders is displayed]]>
    </line>
    <line>
      <![CDATA[[Log:] chrome instance closed.]]>
    </line>
    <line>
      <![CDATA[[Log:] Start automation test in chrome with Dimensions: (1280, 1024)]]>
    </line>
    <line>
      <![CDATA[[Test Case Name] Validate Shop Menu on Samsung.com is as per shop menu on Storefront]]>
    </line>
    <line>
      <![CDATA[[PASSED] Open https://shop.samsung.com/it]]>
    </line>
    <line>
      <![CDATA[[PASSED] Login Link is clicked]]>
    </line>
    <line>
      <![CDATA[[PASSED] Login Email Textbox TextBox is populated with 'reguser28@gmail.com']]>
    </line>
    <line>
      <![CDATA[[PASSED] Password Textbox TextBox is populated with '***********']]>
    </line>
    <line>
      <![CDATA[[PASSED] Login Button Element is clicked]]>
    </line>
    <line>
      <![CDATA[[PASSED] Hover to Shop Menu]]>
    </line>
    <line>
      <![CDATA[[PASSED] MOBILE Element is clicked]]>
    </line>
    <line>
      <![CDATA[[PASSED] icon-visa-payment PaymentLogo Element is displayed]]>
    </line>
    <line>
      <![CDATA[[PASSED] icon-master-card PaymentLogo Element is displayed]]>
    </line>
    <line>
      <![CDATA[[PASSED] Submit Order / Make Payment Element is disabled]]>
    </line>
    <line>
      <![CDATA[[PASSED] Fields are displayed]]>
    </line>
    <line>
      <![CDATA[[PASSED] CVV Code Question Mark Element 'CVV Code Question Mark' Attribute  is Il codice di sicurezza si trova sul retro della carta, le ultime tre cifre sono collocate sulla o vicino al riquadro della firma.]]>
    </line>
    <line>
      <![CDATA[[PASSED] CVV Code Question Mark Element 'CVV Code Question Mark' Attribute  is /_ui/responsive/common/images/cardcvv.png]]>
    </line>
    <line>
      <![CDATA[[PASSED] Compared strings have same length]]>
    </line>
    <line>
      <![CDATA[[PASSED] Security Code Info is displayed]]>
    </line>
    <line>
      <![CDATA[[PASSED] Terms and Conditions Element is displayed]]>
    </line>
    <line>
      <![CDATA[[PASSED] Credit Card Number TextBox is populated with '5577 0000 5577 0004']]>
    </line>
    <line>
      <![CDATA[[PASSED] Credit Card Name TextBox is populated with 'MasterCard']]>
    </line>
    <line>
      <![CDATA[[PASSED] Selected 08 from Expiry Month ListBox]]>
    </line>
    <line>
      <![CDATA[[PASSED] Selected 2018 from Expiry Year ListBox]]>
    </line>
    <line>
      <![CDATA[[PASSED] CVV/CVN TextBox is populated with '737']]>
    </line>
    <line>
      <![CDATA[[PASSED] MOBILE page was displayed]]>
    </line>
    <line>
      <![CDATA[[PASSED] Navigate Backward]]>
    </line>
    <line>
      <![CDATA[[PASSED] Hover to Shop Menu]]>
    </line>
    <line>
      <![CDATA[[PASSED] ESTENSIONI DI GARANZIA Element is clicked]]>
    </line>
    <line>
      <![CDATA[[PASSED] Terms and Conditions CheckBox value is set to true]]>
    </line>
    <line>
      <![CDATA[[PASSED] Submit Order / Make Payment Element is displayed]]>
    </line>
    <line>
      <![CDATA[[Log:] chrome instance closed.]]>
    </line>
    <line>
      <![CDATA[[Log:] Start automation test in chrome with Dimensions: (1280, 1024)]]>
    </line>
    <line>
      <![CDATA[[Test Case Name] Able to navigate to Findomestic]]>
    </line>
    <line>
      <![CDATA[[PASSED] Open https://shop.samsung.com/it]]>
    </line>
    <line>
      <![CDATA[[PASSED] Hover to Shop Menu]]>
    </line>
    <line>
      <![CDATA[[PASSED] Mobile Element is clicked]]>
    </line>
    <line>
      <![CDATA[[PASSED] Shop All Phones Element is clicked]]>
    </line>
    <line>
      <![CDATA[[PASSED] Add to Cart first product with stock Element is clicked]]>
    </line>
    <line>
      <![CDATA[[PASSED] Checkout Button Element is clicked]]>
    </line>
    <line>
      <![CDATA[[PASSED] ESTENSIONI DI GARANZIA page was displayed]]>
    </line>
    <line>
      <![CDATA[[PASSED] Checkout Button Element is clicked]]>
    </line>
    <line>
      <![CDATA[[PASSED] Email TextBox is populated with 'samtest.guest4@gmail.com']]>
    </line>
    <line>
      <![CDATA[[PASSED] Navigate Backward]]>
    </line>
    <line>
      <![CDATA[[PASSED] Hover to Shop Menu]]>
    </line>
    <line>
      <![CDATA[[PASSED] TV/AUDIO/VIDEO Element is clicked]]>
    </line>
    <line>
      <![CDATA[[PASSED] Continue Button Element is clicked]]>
    </line>
    <line>
      <![CDATA[[PASSED] TV/AUDIO/VIDEO page was displayed]]>
    </line>
    <line>
      <![CDATA[[PASSED] Navigate Backward]]>
    </line>
    <line>
      <![CDATA[[PASSED] Hover to Shop Menu]]>
    </line>
    <line>
      <![CDATA[[PASSED] Selected index 1 from Salutation ListBox]]>
    </line>
    <line>
      <![CDATA[[PASSED] Firstname TextBox is populated with 'John']]>
    </line>
    <line>
      <![CDATA[[PASSED] Lastname TextBox is populated with 'Doe StgIT']]>
    </line>
    <line>
      <![CDATA[[PASSED] ELETTRODOMESTICI Element is clicked]]>
    </line>
    <line>
      <![CDATA[[PASSED] Mobile TextBox is populated with '0612345678']]>
    </line>
    <line>
      <![CDATA[[PASSED] Street/Road TextBox is populated with '21st Jump Street']]>
    </line>
    <line>
      <![CDATA[[PASSED] Street/Road 2 TextBox is populated with 'Narrow Street']]>
    </line>
    <line>
      <![CDATA[[PASSED] City TextBox is populated with 'Milan']]>
    </line>
    <line>
      <![CDATA[[PASSED] Selected Alessandria from Province dropdown menu ListBox]]>
    </line>
    <line>
      <![CDATA[[PASSED] Province selected and displayed]]>
    </line>
    <line>
      <![CDATA[[PASSED] Postcode TextBox is populated with '12345']]>
    </line>
    <line>
      <![CDATA[[PASSED] Continue button is clicked]]>
    </line>
    <line>
      <![CDATA[[PASSED] ELETTRODOMESTICI page was displayed]]>
    </line>
    <line>
      <![CDATA[[PASSED] Navigate Backward]]>
    </line>
    <line>
      <![CDATA[[PASSED] Hover to Shop Menu]]>
    </line>
    <line>
      <![CDATA[[PASSED] INFORMATICA Element is clicked]]>
    </line>
    <line>
      <![CDATA[[PASSED] Findomestic Element is clicked]]>
    </line>
    <line>
      <![CDATA[[PASSED] Terms and Conditions Checkbox CheckBox value is set to true]]>
    </line>
    <line>
      <![CDATA[[PASSED] Submit Button Element is clicked]]>
    </line>
    <line>
      <![CDATA[[PASSED] INFORMATICA page was displayed]]>
    </line>
    <line>
      <![CDATA[[PASSED] Navigate Backward]]>
    </line>
    <line>
      <![CDATA[[PASSED] Hover to Shop Menu]]>
    </line>
    <line>
      <![CDATA[[PASSED] MY ACCOUNT Element is clicked]]>
    </line>
    <line>
      <![CDATA[[PASSED] findomestic is displayed]]>
    </line>
    <line>
      <![CDATA[[Log:] Sending 'GET' request to URL : https://secure.findomestic.it/clienti/pmcrs/samsung/mcommerce/pages/simulatore.html]]>
    </line>
    <line>
      <![CDATA[[Log:] Response Code : 200]]>
    </line>
    <line>
      <![CDATA[[PASSED] Response code is: 200]]>
    </line>
    <line>
      <![CDATA[[Log:] chrome instance closed.]]>
    </line>
    <line>
      <![CDATA[[Log:] Start automation test in chrome with Dimensions: (1280, 1024)]]>
    </line>
    <line>
      <![CDATA[[Test Case Name] GuestUser - Able to navigate to Paypal Page]]>
    </line>
    <line>
      <![CDATA[[PASSED] Open https://shop.samsung.com/it]]>
    </line>
    <line>
      <![CDATA[[PASSED] Hover to Shop Menu]]>
    </line>
    <line>
      <![CDATA[[PASSED] Mobile Element is clicked]]>
    </line>
    <line>
      <![CDATA[[PASSED] Shop All Phones Element is clicked]]>
    </line>
    <line>
      <![CDATA[[PASSED] Add to Cart first product with stock Element is clicked]]>
    </line>
    <line>
      <![CDATA[[PASSED] Checkout Button Element is clicked]]>
    </line>
    <line>
      <![CDATA[[PASSED] Checkout Button Element is clicked]]>
    </line>
    <line>
      <![CDATA[[PASSED] Email TextBox is populated with 'samtest.guest4@gmail.com']]>
    </line>
    <line>
      <![CDATA[[PASSED] Continue Button Element is clicked]]>
    </line>
    <line>
      <![CDATA[[PASSED] MY ACCOUNT page was displayed]]>
    </line>
    <line>
      <![CDATA[[PASSED] Navigate Backward]]>
    </line>
    <line>
      <![CDATA[[PASSED] Hover to Shop Menu]]>
    </line>
    <line>
      <![CDATA[[PASSED] FAQ Element is clicked]]>
    </line>
    <line>
      <![CDATA[[PASSED] Selected index 1 from Salutation ListBox]]>
    </line>
    <line>
      <![CDATA[[PASSED] Firstname TextBox is populated with 'John']]>
    </line>
    <line>
      <![CDATA[[PASSED] Lastname TextBox is populated with 'Doe StgIT']]>
    </line>
    <line>
      <![CDATA[[PASSED] Mobile TextBox is populated with '0612345678']]>
    </line>
    <line>
      <![CDATA[[PASSED] Street/Road TextBox is populated with '21st Jump Street']]>
    </line>
    <line>
      <![CDATA[[PASSED] Street/Road 2 TextBox is populated with 'Narrow Street']]>
    </line>
    <line>
      <![CDATA[[PASSED] City TextBox is populated with 'Milan']]>
    </line>
    <line>
      <![CDATA[[PASSED] Selected Alessandria from Province dropdown menu ListBox]]>
    </line>
    <line>
      <![CDATA[[PASSED] FAQ page was displayed]]>
    </line>
    <line>
      <![CDATA[[PASSED] Province selected and displayed]]>
    </line>
    <line>
      <![CDATA[[PASSED] Postcode TextBox is populated with '12345']]>
    </line>
    <line>
      <![CDATA[[PASSED] Navigate Backward]]>
    </line>
    <line>
      <![CDATA[[Log:] Top Selling Products is not yet required for: IT]]>
    </line>
    <line>
      <![CDATA[[Log:] chrome instance closed.]]>
    </line>
    <line>
      <![CDATA[[Log:] Start automation test in chrome with Dimensions: (1280, 1024)]]>
    </line>
    <line>
      <![CDATA[[Test Case Name] Validate all Search Field responds to Search Query]]>
    </line>
    <line>
      <![CDATA[[PASSED] Open https://shop.samsung.com/it]]>
    </line>
    <line>
      <![CDATA[[PASSED] Login Link is clicked]]>
    </line>
    <line>
      <![CDATA[[PASSED] Login Email Textbox TextBox is populated with 'reguser28@gmail.com']]>
    </line>
    <line>
      <![CDATA[[PASSED] Password Textbox TextBox is populated with '***********']]>
    </line>
    <line>
      <![CDATA[[PASSED] Login Button Element is clicked]]>
    </line>
    <line>
      <![CDATA[[PASSED] Continue button is clicked]]>
    </line>
    <line>
      <![CDATA[[PASSED] Search Icon Element is clicked]]>
    </line>
    <line>
      <![CDATA[[PASSED] Search TextBox is populated with '*!@#$%^&*']]>
    </line>
    <line>
      <![CDATA[[PASSED] Search Button Element is clicked]]>
    </line>
    <line>
      <![CDATA[[PASSED] search/?searchvalue is displayed]]>
    </line>
    <line>
      <![CDATA[[PASSED] Product listing page is displayed]]>
    </line>
    <line>
      <![CDATA[[Log:] Sending 'GET' request to URL : https://www.samsung.com/it/search/?searchvalue=*%21%40%23%24%25%5E%26*]]>
    </line>
    <line>
      <![CDATA[[Log:] Response Code : 200]]>
    </line>
    <line>
      <![CDATA[[PASSED] Response code is: 200]]>
    </line>
    <line>
      <![CDATA[[PASSED] Navigate Backward]]>
    </line>
    <line>
      <![CDATA[[PASSED] Search Icon Element is clicked]]>
    </line>
    <line>
      <![CDATA[[PASSED] Search TextBox is populated with '930']]>
    </line>
    <line>
      <![CDATA[[PASSED] Search Button Element is clicked]]>
    </line>
    <line>
      <![CDATA[[PASSED] search/?searchvalue is displayed]]>
    </line>
    <line>
      <![CDATA[[PASSED] Product listing page is displayed]]>
    </line>
    <line>
      <![CDATA[[Log:] Sending 'GET' request to URL : https://www.samsung.com/it/search/?searchvalue=930]]>
    </line>
    <line>
      <![CDATA[[Log:] Response Code : 200]]>
    </line>
    <line>
      <![CDATA[[PASSED] Response code is: 200]]>
    </line>
    <line>
      <![CDATA[[PASSED] Navigate Backward]]>
    </line>
    <line>
      <![CDATA[[PASSED] Search Icon Element is clicked]]>
    </line>
    <line>
      <![CDATA[[PASSED] Search TextBox is populated with 'edge']]>
    </line>
    <line>
      <![CDATA[[PASSED] Search Button Element is clicked]]>
    </line>
    <line>
      <![CDATA[[PASSED] PayPal Element is clicked]]>
    </line>
    <line>
      <![CDATA[[PASSED] Terms and Conditions CheckBox is displayed]]>
    </line>
    <line>
      <![CDATA[[PASSED] Terms and Conditions CheckBox value is set to true]]>
    </line>
    <line>
      <![CDATA[[PASSED] Submit Order Element is clicked]]>
    </line>
    <line>
      <![CDATA[[PASSED] search/?searchvalue is displayed]]>
    </line>
    <line>
      <![CDATA[[PASSED] Product listing page is displayed]]>
    </line>
    <line>
      <![CDATA[[Log:] Sending 'GET' request to URL : https://www.samsung.com/it/search/?searchvalue=edge]]>
    </line>
    <line>
      <![CDATA[[Log:] Response Code : 200]]>
    </line>
    <line>
      <![CDATA[[PASSED] Response code is: 200]]>
    </line>
    <line>
      <![CDATA[[PASSED] Navigate Backward]]>
    </line>
    <line>
      <![CDATA[[PASSED] Search Icon Element is clicked]]>
    </line>
    <line>
      <![CDATA[[PASSED] Search TextBox is populated with 'Galaxy S7']]>
    </line>
    <line>
      <![CDATA[[PASSED] Search Button Element is clicked]]>
    </line>
    <line>
      <![CDATA[[PASSED] paypal.com is displayed]]>
    </line>
    <line>
      <![CDATA[[Log:] Sending 'GET' request to URL : https://www.paypal.com/cgi-bin/webscr?useraction=commit&cmd=_express-checkout&token=EC-3FW10336F7028803T]]>
    </line>
    <line>
      <![CDATA[[Log:] Response Code : 200]]>
    </line>
    <line>
      <![CDATA[[PASSED] Response code is: 200]]>
    </line>
    <line>
      <![CDATA[[Log:] chrome instance closed.]]>
    </line>
    <line>
      <![CDATA[[PASSED] search/?searchvalue is displayed]]>
    </line>
    <line>
      <![CDATA[[PASSED] Product listing page is displayed]]>
    </line>
    <line>
      <![CDATA[[Log:] Start automation test in chrome with Dimensions: (1280, 1024)]]>
    </line>
    <line>
      <![CDATA[[Test Case Name] Guest User - login from checkout]]>
    </line>
    <line>
      <![CDATA[[Log:] Sending 'GET' request to URL : https://www.samsung.com/it/search/?searchvalue=Galaxy+S7]]>
    </line>
    <line>
      <![CDATA[[Log:] Response Code : 200]]>
    </line>
    <line>
      <![CDATA[[PASSED] Response code is: 200]]>
    </line>
    <line>
      <![CDATA[[PASSED] Navigate Backward]]>
    </line>
    <line>
      <![CDATA[[PASSED] Page is Refreshed]]>
    </line>
    <line>
      <![CDATA[[PASSED] Search Icon Element is clicked]]>
    </line>
    <line>
      <![CDATA[[PASSED] Search TextBox is populated with 'Galaxy S7']]>
    </line>
    <line>
      <![CDATA[[PASSED] Close Search Button Element is clicked]]>
    </line>
    <line>
      <![CDATA[[PASSED] Open https://shop.samsung.com/it]]>
    </line>
    <line>
      <![CDATA[[PASSED] Hover to Shop Menu]]>
    </line>
    <line>
      <![CDATA[[PASSED] Mobile Element is clicked]]>
    </line>
    <line>
      <![CDATA[[PASSED] Search BarElement is NOT displayed]]>
    </line>
    <line>
      <![CDATA[[Log:] chrome instance closed.]]>
    </line>
    <line>
      <![CDATA[[PASSED] Shop All Phones Element is clicked]]>
    </line>
    <line>
      <![CDATA[[Log:] Start automation test in chrome with Dimensions: (1280, 1024)]]>
    </line>
    <line>
      <![CDATA[[Test Case Name] RegisteredUser - Able to pay using credit card]]>
    </line>
    <line>
      <![CDATA[[PASSED] Add to Cart first product with stock Element is clicked]]>
    </line>
    <line>
      <![CDATA[[PASSED] Checkout Button Element is clicked]]>
    </line>
    <line>
      <![CDATA[[PASSED] Open https://shop.samsung.com/it]]>
    </line>
    <line>
      <![CDATA[[PASSED] Checkout Button Element is clicked]]>
    </line>
    <line>
      <![CDATA[[PASSED] Email TextBox is populated with 'samtest.guest4@gmail.com']]>
    </line>
    <line>
      <![CDATA[[PASSED] Login Link is clicked]]>
    </line>
    <line>
      <![CDATA[[PASSED] Login Email Textbox TextBox is populated with 'reguser28@gmail.com']]>
    </line>
    <line>
      <![CDATA[[PASSED] Password Textbox TextBox is populated with '***********']]>
    </line>
    <line>
      <![CDATA[[PASSED] Login Button Element is clicked]]>
    </line>
    <line>
      <![CDATA[[PASSED] Continue Button Element is clicked]]>
    </line>
    <line>
      <![CDATA[[PASSED] Shopping Cart Icon Element is clicked]]>
    </line>
    <line>
      <![CDATA[[PASSED] checkout is displayed]]>
    </line>
    <line>
      <![CDATA[[Log:] chrome instance closed.]]>
    </line>
    <line>
      <![CDATA[[Log:] Start automation test in chrome with Dimensions: (1280, 1024)]]>
    </line>
    <line>
      <![CDATA[[Test Case Name] Guest User - Able to enter different addresses for shipping and billing]]>
    </line>
    <line>
      <![CDATA[[PASSED] Open https://shop.samsung.com/it]]>
    </line>
    <line>
      <![CDATA[[PASSED] Hover to Shop Menu]]>
    </line>
    <line>
      <![CDATA[[PASSED] Mobile Element is clicked]]>
    </line>
    <line>
      <![CDATA[[PASSED] Shop All Phones Element is clicked]]>
    </line>
    <line>
      <![CDATA[[PASSED] Add to Cart first product with stock Element is clicked]]>
    </line>
    <line>
      <![CDATA[[PASSED] Checkout Button Element is clicked]]>
    </line>
    <line>
      <![CDATA[[PASSED] Checkout Button Element is clicked]]>
    </line>
    <line>
      <![CDATA[[PASSED] Email TextBox is populated with 'samtest.guest4@gmail.com']]>
    </line>
    <line>
      <![CDATA[[PASSED] Continue Button Element is clicked]]>
    </line>
    <line>
      <![CDATA[[PASSED] Selected index 1 from Salutation ListBox]]>
    </line>
    <line>
      <![CDATA[[Log:] Removing item 1]]>
    </line>
    <line>
      <![CDATA[[PASSED] Firstname TextBox is populated with 'John']]>
    </line>
    <line>
      <![CDATA[[PASSED] Lastname TextBox is populated with 'Doe StgIT']]>
    </line>
    <line>
      <![CDATA[[PASSED] Mobile TextBox is populated with '0612345678']]>
    </line>
    <line>
      <![CDATA[[PASSED] Street/Road TextBox is populated with '21st Jump Street']]>
    </line>
    <line>
      <![CDATA[[PASSED] Street/Road 2 TextBox is populated with 'Narrow Street']]>
    </line>
    <line>
      <![CDATA[[PASSED] City TextBox is populated with 'Milan']]>
    </line>
    <line>
      <![CDATA[[PASSED] Selected Alessandria from Province dropdown menu ListBox]]>
    </line>
    <line>
      <![CDATA[[PASSED] Province selected and displayed]]>
    </line>
    <line>
      <![CDATA[[PASSED] Remove Button Element is clicked]]>
    </line>
    <line>
      <![CDATA[[PASSED] Postcode TextBox is populated with '12345']]>
    </line>
    <line>
      <![CDATA[[PASSED] Same Address for Billing Element is clicked]]>
    </line>
    <line>
      <![CDATA[[PASSED] No action needed]]>
    </line>
    <line>
      <![CDATA[[PASSED] Selected index 1 from Salutation ListBox]]>
    </line>
    <line>
      <![CDATA[[PASSED] Firstname TextBox is populated with 'Phillip']]>
    </line>
    <line>
      <![CDATA[[PASSED] Lastname TextBox is populated with 'Morris StgIT']]>
    </line>
    <line>
      <![CDATA[[PASSED] Clear cart complete]]>
    </line>
    <line>
      <![CDATA[[PASSED] Mobile TextBox is populated with '0612345679']]>
    </line>
    <line>
      <![CDATA[[PASSED] Back to Shop Link is clicked]]>
    </line>
    <line>
      <![CDATA[[PASSED] Hover to Shop Menu]]>
    </line>
    <line>
      <![CDATA[[PASSED] Mobile Element is clicked]]>
    </line>
    <line>
      <![CDATA[[PASSED] Shop All Phones Element is clicked]]>
    </line>
    <line>
      <![CDATA[[PASSED] Add to Cart first product with stock Element is clicked]]>
    </line>
    <line>
      <![CDATA[[PASSED] Checkout Button Element is clicked]]>
    </line>
    <line>
      <![CDATA[[PASSED] Checkout Button Element is clicked]]>
    </line>
    <line>
      <![CDATA[[PASSED] Select New Shipping Address Radio Button Element is displayed]]>
    </line>
    <line>
      <![CDATA[[PASSED] Select New Shipping Address Radio Button Element is clicked]]>
    </line>
    <line>
      <![CDATA[[PASSED] Selected index 1 from Salutation ListBox]]>
    </line>
    <line>
      <![CDATA[[PASSED] Firstname TextBox is populated with 'John']]>
    </line>
    <line>
      <![CDATA[[PASSED] Lastname TextBox is populated with 'Doe StgIT']]>
    </line>
    <line>
      <![CDATA[[PASSED] Mobile TextBox is populated with '0612345678']]>
    </line>
    <line>
      <![CDATA[[PASSED] Street/Road TextBox is populated with '21st Jump Street']]>
    </line>
    <line>
      <![CDATA[[PASSED] Street/Road 2 TextBox is populated with 'Narrow Street']]>
    </line>
    <line>
      <![CDATA[[PASSED] City TextBox is populated with 'Milan']]>
    </line>
    <line>
      <![CDATA[[PASSED] Selected Alessandria from Province dropdown menu ListBox]]>
    </line>
    <line>
      <![CDATA[[PASSED] Province selected and displayed]]>
    </line>
    <line>
      <![CDATA[[PASSED] Postcode TextBox is populated with '12345']]>
    </line>
    <line>
      <![CDATA[[PASSED] Street/Road TextBox is populated with '22nd Jump Street']]>
    </line>
    <line>
      <![CDATA[[PASSED] House No TextBox is populated with 'Valley High']]>
    </line>
    <line>
      <![CDATA[[PASSED] Postcode TextBox is populated with '54321']]>
    </line>
    <line>
      <![CDATA[[PASSED] City TextBox is populated with 'Rome']]>
    </line>
    <line>
      <![CDATA[[PASSED] Selected Ancona from Province dropdown menu ListBox]]>
    </line>
    <line>
      <![CDATA[[PASSED] Province selected and displayed]]>
    </line>
    <line>
      <![CDATA[[PASSED] Fiscal Code textbox Element is populated with '12345667A']]>
    </line>
    <line>
      <![CDATA[[PASSED] Continue button is clicked]]>
    </line>
    <line>
      <![CDATA[[PASSED] Continue button is clicked]]>
    </line>
    <line>
      <![CDATA[[Log:] chrome instance closed.]]>
    </line>
    <line>
      <![CDATA[[Log:] Start automation test in chrome with Dimensions: (1280, 1024)]]>
    </line>
    <line>
      <![CDATA[[Test Case Name] Able to select billing address same as shipping address]]>
    </line>
    <line>
      <![CDATA[[Note:] On payment page previously entered shipping, address details should available]]>
    </line>
    <line>
      <![CDATA[[PASSED] Open https://shop.samsung.com/it]]>
    </line>
    <line>
      <![CDATA[[PASSED] Hover to Shop Menu]]>
    </line>
    <line>
      <![CDATA[[PASSED] Mobile Element is clicked]]>
    </line>
    <line>
      <![CDATA[[PASSED] Shop All Phones Element is clicked]]>
    </line>
    <line>
      <![CDATA[[PASSED] Add to Cart first product with stock Element is clicked]]>
    </line>
    <line>
      <![CDATA[[PASSED] Checkout Button Element is clicked]]>
    </line>
    <line>
      <![CDATA[[PASSED] Checkout Button Element is clicked]]>
    </line>
    <line>
      <![CDATA[[PASSED] Email TextBox is populated with 'samtest.guest4@gmail.com']]>
    </line>
    <line>
      <![CDATA[[PASSED] Continue Button Element is clicked]]>
    </line>
    <line>
      <![CDATA[[PASSED] Selected index 1 from Salutation ListBox]]>
    </line>
    <line>
      <![CDATA[[PASSED] Firstname TextBox is populated with 'John']]>
    </line>
    <line>
      <![CDATA[[PASSED] Lastname TextBox is populated with 'Doe StgIT']]>
    </line>
    <line>
      <![CDATA[[PASSED] Mobile TextBox is populated with '0612345678']]>
    </line>
    <line>
      <![CDATA[[PASSED] Street/Road TextBox is populated with '21st Jump Street']]>
    </line>
    <line>
      <![CDATA[[PASSED] Street/Road 2 TextBox is populated with 'Narrow Street']]>
    </line>
    <line>
      <![CDATA[[PASSED] City TextBox is populated with 'Milan']]>
    </line>
    <line>
      <![CDATA[[PASSED] Selected Alessandria from Province dropdown menu ListBox]]>
    </line>
    <line>
      <![CDATA[[PASSED] Province selected and displayed]]>
    </line>
    <line>
      <![CDATA[[PASSED] Postcode TextBox is populated with '12345']]>
    </line>
    <line>
      <![CDATA[[PASSED] Credit Card is Default]]>
    </line>
    <line>
      <![CDATA[[PASSED] Credit Card Element is clicked]]>
    </line>
    <line>
      <![CDATA[[PASSED] Same Address for Billing Element is clicked]]>
    </line>
    <line>
      <![CDATA[[PASSED] Same Address for Billing Element is clicked]]>
    </line>
    <line>
      <![CDATA[[PASSED] icon-visa-payment PaymentLogo Element is displayed]]>
    </line>
    <line>
      <![CDATA[[PASSED] icon-master-card PaymentLogo Element is displayed]]>
    </line>
    <line>
      <![CDATA[[PASSED] Submit Order / Make Payment Element is disabled]]>
    </line>
    <line>
      <![CDATA[[PASSED] Fields are displayed]]>
    </line>
    <line>
      <![CDATA[[PASSED] CVV Code Question Mark Element 'CVV Code Question Mark' Attribute  is Il codice di sicurezza si trova sul retro della carta, le ultime tre cifre sono collocate sulla o vicino al riquadro della firma.]]>
    </line>
    <line>
      <![CDATA[[PASSED] CVV Code Question Mark Element 'CVV Code Question Mark' Attribute  is /_ui/responsive/common/images/cardcvv.png]]>
    </line>
    <line>
      <![CDATA[[PASSED] Compared strings have same length]]>
    </line>
    <line>
      <![CDATA[[PASSED] Security Code Info is displayed]]>
    </line>
    <line>
      <![CDATA[[PASSED] Terms and Conditions Element is displayed]]>
    </line>
    <line>
      <![CDATA[[PASSED] Credit Card Number TextBox is populated with '5577 0000 5577 0004']]>
    </line>
    <line>
      <![CDATA[[PASSED] Credit Card Name TextBox is populated with 'MasterCard']]>
    </line>
    <line>
      <![CDATA[[PASSED] Selected 08 from Expiry Month ListBox]]>
    </line>
    <line>
      <![CDATA[[PASSED] Selected 2018 from Expiry Year ListBox]]>
    </line>
    <line>
      <![CDATA[[PASSED] CVV/CVN TextBox is populated with '737']]>
    </line>
    <line>
      <![CDATA[[PASSED] Continue button is clicked]]>
    </line>
    <line>
      <![CDATA[[PASSED] 21st Jump Street is displayed in the Saved Shipping Address Info]]>
    </line>
    <line>
      <![CDATA[[PASSED] Milan is displayed in the Saved Shipping Address Info]]>
    </line>
    <line>
      <![CDATA[[PASSED] 12345 is displayed in the Saved Shipping Address Info]]>
    </line>
    <line>
      <![CDATA[[PASSED] Narrow Street is displayed in the Saved Shipping Address Info]]>
    </line>
    <line>
      <![CDATA[[Log:] chrome instance closed.]]>
    </line>
    <line>
      <![CDATA[[Log:] Start automation test in chrome with Dimensions: (1280, 1024)]]>
    </line>
    <line>
      <![CDATA[[Test Case Name] Display PLP page from main navigation]]>
    </line>
    <line>
      <![CDATA[[Note:] User is able to select color on main PLP]]>
    </line>
    <line>
      <![CDATA[[Note:] User is able to add a Product to the cart by clicking add to cart]]>
    </line>
    <line>
      <![CDATA[[Note:] Add to cart / Out of Stock label is displayed on PLP]]>
    </line>
    <line>
      <![CDATA[[Note:] Learn More button displays on PLP]]>
    </line>
    <line>
      <![CDATA[[Note:] Facets are displayed on left side and user is able to filter.]]>
    </line>
    <line>
      <![CDATA[[PASSED] Terms and Conditions CheckBox value is set to true]]>
    </line>
    <line>
      <![CDATA[[PASSED] Submit Order / Make Payment Element is displayed]]>
    </line>
    <line>
      <![CDATA[[Log:] chrome instance closed.]]>
    </line>
    <line>
      <![CDATA[[Log:] Start automation test in chrome with Dimensions: (1280, 1024)]]>
    </line>
    <line>
      <![CDATA[[Test Case Name] RegisteredUser - Able to navigate to Paypal Page]]>
    </line>
    <line>
      <![CDATA[[PASSED] Open https://shop.samsung.com/it]]>
    </line>
    <line>
      <![CDATA[[PASSED] Hover to Shop Menu]]>
    </line>
    <line>
      <![CDATA[[PASSED] Open https://shop.samsung.com/it]]>
    </line>
    <line>
      <![CDATA[[PASSED] Login Link is clicked]]>
    </line>
    <line>
      <![CDATA[[PASSED] Mobile Element is clicked]]>
    </line>
    <line>
      <![CDATA[[PASSED] Login Email Textbox TextBox is populated with 'reguser28@gmail.com']]>
    </line>
    <line>
      <![CDATA[[PASSED] Password Textbox TextBox is populated with '***********']]>
    </line>
    <line>
      <![CDATA[[PASSED] Login Button Element is clicked]]>
    </line>
    <line>
      <![CDATA[[PASSED] Shop All Phones Element is clicked]]>
    </line>
    <line>
      <![CDATA[[PASSED] facets Element is displayed]]>
    </line>
    <line>
      <![CDATA[[PASSED] Add to Cart first product with stock Element is clicked]]>
    </line>
    <line>
      <![CDATA[[PASSED] Checkout Button Element is clicked]]>
    </line>
    <line>
      <![CDATA[[PASSED] Checkout Button Element is clicked]]>
    </line>
    <line>
      <![CDATA[[Log:] chrome instance closed.]]>
    </line>
    <line>
      <![CDATA[[PASSED] Shopping Cart Icon Element is clicked]]>
    </line>
    <line>
      <![CDATA[[Log:] Start automation test in chrome with Dimensions: (1280, 1024)]]>
    </line>
    <line>
      <![CDATA[[Test Case Name] Validate googleShoppinhFeed page]]>
    </line>
    <line>
      <![CDATA[[Log:] Send Http GET request]]>
    </line>
    <line>
      <![CDATA[[Log:] Sending 'GET' request to URL : https://shop.samsung.com/it/googleShoppingFeed]]>
    </line>
    <line>
      <![CDATA[[Log:] Response Code : 200]]>
    </line>
    <line>
      <![CDATA[[PASSED] Response code is: 200]]>
    </line>
    <line>
      <![CDATA[[Log:] chrome instance closed.]]>
    </line>
    <line>
      <![CDATA[[Log:] Start automation test in chrome with Dimensions: (1280, 1024)]]>
    </line>
    <line>
      <![CDATA[[Test Case Name] Able to navigate to PDP Product]]>
    </line>
    <line>
      <![CDATA[[Note:] Product attributes are displayed in PDP]]>
    </line>
    <line>
      <![CDATA[[Note:] List of all available variant are shown]]>
    </line>
    <line>
      <![CDATA[[Note:] Able to Select Variant Product]]>
    </line>
    <line>
      <![CDATA[[Note:] Product attributes are displayed.]]>
    </line>
    <line>
      <![CDATA[[Note:] Able to add a Product to the Cart]]>
    </line>
    <line>
      <![CDATA[[PASSED] Open https://shop.samsung.com/it]]>
    </line>
    <line>
      <![CDATA[[PASSED] Hover to Shop Menu]]>
    </line>
    <line>
      <![CDATA[[PASSED] Mobile Element is clicked]]>
    </line>
    <line>
      <![CDATA[[PASSED] Shop All Phones Element is clicked]]>
    </line>
    <line>
      <![CDATA[[PASSED] Product Item Element is displayed]]>
    </line>
    <line>
      <![CDATA[[PASSED] Product Item Element is clicked]]>
    </line>
    <line>
      <![CDATA[[Log:] Sending 'GET' request to URL : http://www.samsung.com/it/smartphones/galaxy-s8/]]>
    </line>
    <line>
      <![CDATA[[Log:] Response Code : 200]]>
    </line>
    <line>
      <![CDATA[[PASSED] Response code is: 200]]>
    </line>
    <line>
      <![CDATA[[Log:] chrome instance closed.]]>
    </line>
    <line>
      <![CDATA[[Log:] Start automation test in chrome with Dimensions: (1280, 1024)]]>
    </line>
    <line>
      <![CDATA[[Test Case Name] User is able to increase and decrease the quantity]]>
    </line>
    <line>
      <![CDATA[[Log:] Removing item 1]]>
    </line>
    <line>
      <![CDATA[[PASSED] Remove Button Element is clicked]]>
    </line>
    <line>
      <![CDATA[[PASSED] Open https://shop.samsung.com/it]]>
    </line>
    <line>
      <![CDATA[[PASSED] Hover to Shop Menu]]>
    </line>
    <line>
      <![CDATA[[PASSED] Mobile Element is clicked]]>
    </line>
    <line>
      <![CDATA[[PASSED] Shop All Phones Element is clicked]]>
    </line>
    <line>
      <![CDATA[[PASSED] Add to Cart first product with stock Element is clicked]]>
    </line>
    <line>
      <![CDATA[[PASSED] Continue Shopping Button Element is clicked]]>
    </line>
    <line>
      <![CDATA[[PASSED] Shopping Cart Icon Element is clicked]]>
    </line>
    <line>
      <![CDATA[[PASSED] Increase Product Quantity Icon Element is displayed]]>
    </line>
    <line>
      <![CDATA[[PASSED] Decrease Product Quantity Icon Element is displayed]]>
    </line>
    <line>
      <![CDATA[[PASSED] Product Quantity TextBox Element 'Product Quantity TextBox' Attribute  is 1]]>
    </line>
    <line>
      <![CDATA[[PASSED] Increase Product Quantity Icon Element is clicked]]>
    </line>
    <line>
      <![CDATA[[PASSED] Product Quantity TextBox Element 'Product Quantity TextBox' Attribute  is 2]]>
    </line>
    <line>
      <![CDATA[[PASSED] Quantity increased]]>
    </line>
    <line>
      <![CDATA[[PASSED] Product Quantity TextBox Element 'Product Quantity TextBox' Attribute  is 2]]>
    </line>
    <line>
      <![CDATA[[PASSED] Decrease Product Quantity Icon Element is clicked]]>
    </line>
    <line>
      <![CDATA[[PASSED] Product Quantity TextBox Element 'Product Quantity TextBox' Attribute  is 1]]>
    </line>
    <line>
      <![CDATA[[PASSED] Quantity decreased]]>
    </line>
    <line>
      <![CDATA[[Log:] chrome instance closed.]]>
    </line>
    <line>
      <![CDATA[[Log:] Start automation test in chrome with Dimensions: (1280, 1024)]]>
    </line>
    <line>
      <![CDATA[[Test Case Name] User is able to navigate to Checkout Page]]>
    </line>
    <line>
      <![CDATA[[Note:] User is able to remove the Product from the cart Page]]>
    </line>
    <line>
      <![CDATA[[PASSED] Clear cart complete]]>
    </line>
    <line>
      <![CDATA[[PASSED] Back to Shop Link is clicked]]>
    </line>
    <line>
      <![CDATA[[PASSED] Hover to Shop Menu]]>
    </line>
    <line>
      <![CDATA[[PASSED] Mobile Element is clicked]]>
    </line>
    <line>
      <![CDATA[[PASSED] Open https://shop.samsung.com/it]]>
    </line>
    <line>
      <![CDATA[[PASSED] Hover to Shop Menu]]>
    </line>
    <line>
      <![CDATA[[PASSED] Mobile Element is clicked]]>
    </line>
    <line>
      <![CDATA[[PASSED] Shop All Phones Element is clicked]]>
    </line>
    <line>
      <![CDATA[[PASSED] Add to Cart first product with stock Element is clicked]]>
    </line>
    <line>
      <![CDATA[[PASSED] Shop All Phones Element is clicked]]>
    </line>
    <line>
      <![CDATA[[PASSED] Add to Cart first product with stock Element is clicked]]>
    </line>
    <line>
      <![CDATA[[PASSED] Checkout Button Element is clicked]]>
    </line>
    <line>
      <![CDATA[[PASSED] Checkout Button Element is clicked]]>
    </line>
    <line>
      <![CDATA[[PASSED] Checkout Button Element is clicked]]>
    </line>
    <line>
      <![CDATA[[PASSED] Select New Shipping Address Radio Button Element is displayed]]>
    </line>
    <line>
      <![CDATA[[PASSED] Select New Shipping Address Radio Button Element is clicked]]>
    </line>
    <line>
      <![CDATA[[PASSED] Selected index 1 from Salutation ListBox]]>
    </line>
    <line>
      <![CDATA[[PASSED] Firstname TextBox is populated with 'John']]>
    </line>
    <line>
      <![CDATA[[PASSED] Lastname TextBox is populated with 'Doe StgIT']]>
    </line>
    <line>
      <![CDATA[[PASSED] Mobile TextBox is populated with '0612345678']]>
    </line>
    <line>
      <![CDATA[[PASSED] Street/Road TextBox is populated with '21st Jump Street']]>
    </line>
    <line>
      <![CDATA[[PASSED] Street/Road 2 TextBox is populated with 'Narrow Street']]>
    </line>
    <line>
      <![CDATA[[PASSED] City TextBox is populated with 'Milan']]>
    </line>
    <line>
      <![CDATA[[PASSED] Selected Alessandria from Province dropdown menu ListBox]]>
    </line>
    <line>
      <![CDATA[[PASSED] Province selected and displayed]]>
    </line>
    <line>
      <![CDATA[[PASSED] Postcode TextBox is populated with '12345']]>
    </line>
    <line>
      <![CDATA[[PASSED] Continue button is clicked]]>
    </line>
    <line>
      <![CDATA[[Log:] Removing item 1]]>
    </line>
    <line>
      <![CDATA[[PASSED] Remove Button Element is clicked]]>
    </line>
    <line>
      <![CDATA[[PASSED] PayPal Element is clicked]]>
    </line>
    <line>
      <![CDATA[[PASSED] Terms and Conditions CheckBox is displayed]]>
    </line>
    <line>
      <![CDATA[[PASSED] Terms and Conditions CheckBox value is set to true]]>
    </line>
    <line>
      <![CDATA[[PASSED] Submit Order Element is clicked]]>
    </line>
    <line>
      <![CDATA[[PASSED] Clear cart complete]]>
    </line>
    <line>
      <![CDATA[[PASSED] Back to Shop Link is clicked]]>
    </line>
    <line>
      <![CDATA[[Log:] chrome instance closed.]]>
    </line>
    <line>
      <![CDATA[[Log:] Start automation test in chrome with Dimensions: (1280, 1024)]]>
    </line>
    <line>
      <![CDATA[[Test Case Name] Cart page is displayed properly]]>
    </line>
    <line>
      <![CDATA[[PASSED] Open https://shop.samsung.com/it]]>
    </line>
    <line>
      <![CDATA[[PASSED] Hover to Shop Menu]]>
    </line>
    <line>
      <![CDATA[[PASSED] Mobile Element is clicked]]>
    </line>
    <line>
      <![CDATA[[PASSED] paypal.com is displayed]]>
    </line>
    <line>
      <![CDATA[[Log:] Sending 'GET' request to URL : https://www.paypal.com/cgi-bin/webscr?useraction=commit&cmd=_express-checkout&token=EC-55V264057V525684R#/checkout/login]]>
    </line>
    <line>
      <![CDATA[[Log:] Response Code : 200]]>
    </line>
    <line>
      <![CDATA[[PASSED] Response code is: 200]]>
    </line>
    <line>
      <![CDATA[[Log:] chrome instance closed.]]>
    </line>
    <line>
      <![CDATA[[Log:] Start automation test in chrome with Dimensions: (1280, 1024)]]>
    </line>
    <line>
      <![CDATA[[Test Case Name] Able to enter different addresses for shipping and billing]]>
    </line>
    <line>
      <![CDATA[[PASSED] Shop All Phones Element is clicked]]>
    </line>
    <line>
      <![CDATA[[PASSED] Add to Cart first product with stock Element is clicked]]>
    </line>
    <line>
      <![CDATA[[PASSED] Checkout Button Element is clicked]]>
    </line>
    <line>
      <![CDATA[[PASSED] Open https://shop.samsung.com/it]]>
    </line>
    <line>
      <![CDATA[[PASSED] Login Link is clicked]]>
    </line>
    <line>
      <![CDATA[[PASSED] Login Email Textbox TextBox is populated with 'reguser28@gmail.com']]>
    </line>
    <line>
      <![CDATA[[PASSED] Password Textbox TextBox is populated with '***********']]>
    </line>
    <line>
      <![CDATA[[PASSED] Login Button Element is clicked]]>
    </line>
    <line>
      <![CDATA[[PASSED] Hover to Shop Menu]]>
    </line>
    <line>
      <![CDATA[[PASSED] cart is displayed]]>
    </line>
    <line>
      <![CDATA[[Log:] Old price: 999.0]]>
    </line>
    <line>
      <![CDATA[[PASSED] Mobile Element is clicked]]>
    </line>
    <line>
      <![CDATA[[PASSED] Promo TextBox is displayed]]>
    </line>
    <line>
      <![CDATA[[PASSED] Order Summary Title Element is displayed]]>
    </line>
    <line>
      <![CDATA[[PASSED] Apply Promo Button Element is disabled]]>
    </line>
    <line>
      <![CDATA[[PASSED] Total Text Element is displayed]]>
    </line>
    <line>
      <![CDATA[[PASSED] Total Value Element is displayed]]>
    </line>
    <line>
      <![CDATA[[PASSED] Continue Shopping Button Element is displayed]]>
    </line>
    <line>
      <![CDATA[[PASSED] Checkout Button Element is displayed]]>
    </line>
    <line>
      <![CDATA[[PASSED] Shopping Cart Page Title Element is displayed]]>
    </line>
    <line>
      <![CDATA[[PASSED] Product Image Element is displayed]]>
    </line>
    <line>
      <![CDATA[[PASSED] Product Code Element is displayed]]>
    </line>
    <line>
      <![CDATA[[PASSED] Product Name Element is displayed]]>
    </line>
    <line>
      <![CDATA[[PASSED] Product Price Element is displayed]]>
    </line>
    <line>
      <![CDATA[[PASSED] Remove Button Element is displayed]]>
    </line>
    <line>
      <![CDATA[[PASSED] Payment Logos Element is displayed]]>
    </line>
    <line>
      <![CDATA[[PASSED] Supported Payment Cards Element is displayed]]>
    </line>
    <line>
      <![CDATA[[PASSED] mastercard PaymentLogo Element is displayed]]>
    </line>
    <line>
      <![CDATA[[PASSED] visa PaymentLogo Element is displayed]]>
    </line>
    <line>
      <![CDATA[[PASSED] americanexpress PaymentLogo Element is displayed]]>
    </line>
    <line>
      <![CDATA[[PASSED] paypal PaymentLogo Element is displayed]]>
    </line>
    <line>
      <![CDATA[[Log:] chrome instance closed.]]>
    </line>
    <line>
      <![CDATA[[PASSED] Shop All Phones Element is clicked]]>
    </line>
    <line>
      <![CDATA[[PASSED] Add to Cart first product with stock Element is clicked]]>
    </line>
    <line>
      <![CDATA[[Log:] Start automation test in chrome with Dimensions: (1280, 1024)]]>
    </line>
    <line>
      <![CDATA[[Test Case Name] Order summary is displayed on right side]]>
    </line>
    <line>
      <![CDATA[[PASSED] Checkout Button Element is clicked]]>
    </line>
    <line>
      <![CDATA[[PASSED] Open https://shop.samsung.com/it]]>
    </line>
    <line>
      <![CDATA[[PASSED] Hover to Shop Menu]]>
    </line>
    <line>
      <![CDATA[[PASSED] Mobile Element is clicked]]>
    </line>
    <line>
      <![CDATA[[PASSED] Checkout Button Element is clicked]]>
    </line>
    <line>
      <![CDATA[[PASSED] Select New Shipping Address Radio Button Element is displayed]]>
    </line>
    <line>
      <![CDATA[[PASSED] Select New Shipping Address Radio Button Element is clicked]]>
    </line>
    <line>
      <![CDATA[[PASSED] Selected index 1 from Salutation ListBox]]>
    </line>
    <line>
      <![CDATA[[PASSED] Shop All Phones Element is clicked]]>
    </line>
    <line>
      <![CDATA[[PASSED] Firstname TextBox is populated with 'John']]>
    </line>
    <line>
      <![CDATA[[PASSED] Lastname TextBox is populated with 'Doe StgIT']]>
    </line>
    <line>
      <![CDATA[[PASSED] Mobile TextBox is populated with '0612345678']]>
    </line>
    <line>
      <![CDATA[[PASSED] Add to Cart first product with stock Element is clicked]]>
    </line>
    <line>
      <![CDATA[[PASSED] Street/Road TextBox is populated with '21st Jump Street']]>
    </line>
    <line>
      <![CDATA[[PASSED] Street/Road 2 TextBox is populated with 'Narrow Street']]>
    </line>
    <line>
      <![CDATA[[PASSED] City TextBox is populated with 'Milan']]>
    </line>
    <line>
      <![CDATA[[PASSED] Selected Alessandria from Province dropdown menu ListBox]]>
    </line>
    <line>
      <![CDATA[[PASSED] Province selected and displayed]]>
    </line>
    <line>
      <![CDATA[[PASSED] Postcode TextBox is populated with '12345']]>
    </line>
    <line>
      <![CDATA[[PASSED] Checkout Button Element is clicked]]>
    </line>
    <line>
      <![CDATA[[PASSED] Same Address for Billing Element is clicked]]>
    </line>
    <line>
      <![CDATA[[PASSED] Same Address for Billing Element is clicked]]>
    </line>
    <line>
      <![CDATA[[PASSED] cart is displayed]]>
    </line>
    <line>
      <![CDATA[[PASSED] Promo TextBox is displayed]]>
    </line>
    <line>
      <![CDATA[[PASSED] Order Summary Title Element is displayed]]>
    </line>
    <line>
      <![CDATA[[PASSED] Apply Promo Button Element is disabled]]>
    </line>
    <line>
      <![CDATA[[PASSED] Total Text Element is displayed]]>
    </line>
    <line>
      <![CDATA[[PASSED] Total Value Element is displayed]]>
    </line>
    <line>
      <![CDATA[[PASSED] Continue Shopping Button Element is displayed]]>
    </line>
    <line>
      <![CDATA[[PASSED] Checkout Button Element is displayed]]>
    </line>
    <line>
      <![CDATA[[Log:] chrome instance closed.]]>
    </line>
    <line>
      <![CDATA[[PASSED] Continue button is clicked]]>
    </line>
    <line>
      <![CDATA[[PASSED] Shipping & Delivery Edit Button Element is clicked]]>
    </line>
    <line>
      <![CDATA[[PASSED] Same Address for Billing Element is clicked]]>
    </line>
    <line>
      <![CDATA[[PASSED] No action needed]]>
    </line>
    <line>
      <![CDATA[[PASSED] Select New Billing Address Radio Element is displayed]]>
    </line>
    <line>
      <![CDATA[[PASSED] Select New Billing Address Radio Element is clicked]]>
    </line>
    <line>
      <![CDATA[[PASSED] Selected index 1 from Salutation ListBox]]>
    </line>
    <line>
      <![CDATA[[PASSED] Firstname TextBox is populated with 'Phillip']]>
    </line>
    <line>
      <![CDATA[[PASSED] Lastname TextBox is populated with 'Morris StgIT']]>
    </line>
    <line>
      <![CDATA[[PASSED] Mobile TextBox is populated with '0612345679']]>
    </line>
    <line>
      <![CDATA[[PASSED] Street/Road TextBox is populated with '22nd Jump Street']]>
    </line>
    <line>
      <![CDATA[[PASSED] House No TextBox is populated with 'Valley High']]>
    </line>
    <line>
      <![CDATA[[PASSED] Postcode TextBox is populated with '54321']]>
    </line>
    <line>
      <![CDATA[[PASSED] City TextBox is populated with 'Rome']]>
    </line>
    <line>
      <![CDATA[[PASSED] Selected Ancona from Province dropdown menu ListBox]]>
    </line>
    <line>
      <![CDATA[[PASSED] Province selected and displayed]]>
    </line>
    <line>
      <![CDATA[[PASSED] Fiscal Code textbox Element is populated with '12345667A']]>
    </line>
    <line>
      <![CDATA[[PASSED] Continue button is clicked]]>
    </line>
    <line>
      <![CDATA[[Log:] chrome instance closed.]]>
    </line>
    <line>
      <![CDATA[[Log:] Start automation test in chrome with Dimensions: (1280, 1024)]]>
    </line>
    <line>
      <![CDATA[[Test Case Name] RegisteredUser - Login from Checkout Page]]>
    </line>
    <line>
      <![CDATA[[PASSED] Open https://shop.samsung.com/it]]>
    </line>
    <line>
      <![CDATA[[PASSED] Hover to Shop Menu]]>
    </line>
    <line>
      <![CDATA[[PASSED] Mobile Element is clicked]]>
    </line>
    <line>
      <![CDATA[[PASSED] Shop All Phones Element is clicked]]>
    </line>
    <line>
      <![CDATA[[PASSED] Add to Cart first product with stock Element is clicked]]>
    </line>
    <line>
      <![CDATA[[PASSED] Checkout Button Element is clicked]]>
    </line>
    <line>
      <![CDATA[[PASSED] Checkout Button Element is clicked]]>
    </line>
    <line>
      <![CDATA[[PASSED] Email Address Textbox TextBox is populated with 'reguser28@gmail.com']]>
    </line>
    <line>
      <![CDATA[[PASSED] Password Textbox TextBox is populated with '***********']]>
    </line>
    <line>
      <![CDATA[[PASSED] Sign in Button Element is clicked]]>
    </line>
    <line>
      <![CDATA[[PASSED] checkout is displayed]]>
    </line>
    <line>
      <![CDATA[[Log:] chrome instance closed.]]>
    </line>
    <line>
      <![CDATA[[Log:] Start automation test in chrome with Dimensions: (1280, 1024)]]>
    </line>
    <line>
      <![CDATA[[Test Case Name] Able to see Save option to save shipping & billing address to Hybris]]>
    </line>
    <line>
      <![CDATA[[Note:] Able to select the saved address as shipping and billing address]]>
    </line>
    <line>
      <![CDATA[[PASSED] Open https://shop.samsung.com/it]]>
    </line>
    <line>
      <![CDATA[[PASSED] Hover to Shop Menu]]>
    </line>
    <line>
      <![CDATA[[PASSED] My account Element is clicked]]>
    </line>
    <line>
      <![CDATA[[PASSED] track-order is displayed]]>
    </line>
    <line>
      <![CDATA[[PASSED] Login Link is clicked]]>
    </line>
    <line>
      <![CDATA[[PASSED] Login Email Textbox TextBox is populated with 'reguser28@gmail.com']]>
    </line>
    <line>
      <![CDATA[[PASSED] Password Textbox TextBox is populated with '***********']]>
    </line>
    <line>
      <![CDATA[[PASSED] Login Button Element is clicked]]>
    </line>
    <line>
      <![CDATA[[PASSED] Hover to Account Icon]]>
    </line>
    <line>
      <![CDATA[[PASSED] Profile Page Link is clicked]]>
    </line>
    <line>
      <![CDATA[[PASSED] Has current Shipping Address]]>
    </line>
    <line>
      <![CDATA[[PASSED] Has current Billing Address]]>
    </line>
    <line>
      <![CDATA[[PASSED] Hover to Shop Menu]]>
    </line>
    <line>
      <![CDATA[[PASSED] Mobile Element is clicked]]>
    </line>
    <line>
      <![CDATA[[PASSED] Shop All Phones Element is clicked]]>
    </line>
    <line>
      <![CDATA[[PASSED] Add to Cart first product with stock Element is clicked]]>
    </line>
    <line>
      <![CDATA[[PASSED] Checkout Button Element is clicked]]>
    </line>
    <line>
      <![CDATA[[PASSED] Checkout Button Element is clicked]]>
    </line>
    <line>
      <![CDATA[[PASSED] Select Saved Shipping Address Radio Element is displayed]]>
    </line>
    <line>
      <![CDATA[[PASSED] Select Saved Shipping Address Radio Element is clicked]]>
    </line>
    <line>
      <![CDATA[[PASSED] Saved Shipping Address ListBox has 1 option size]]>
    </line>
    <line>
      <![CDATA[[PASSED] Address has already been selected]]>
    </line>
    <line>
      <![CDATA[[PASSED] 21st Jump Street is displayed]]>
    </line>
    <line>
      <![CDATA[[PASSED]  Milan is displayed]]>
    </line>
    <line>
      <![CDATA[[PASSED] Same Address for Billing Element is clicked]]>
    </line>
    <line>
      <![CDATA[[PASSED] No action needed]]>
    </line>
    <line>
      <![CDATA[[Log:] chrome instance closed.]]>
    </line>
    <line>
      <![CDATA[[Log:] Start automation test in chrome with Dimensions: (1280, 1024)]]>
    </line>
    <line>
      <![CDATA[[Test Case Name] RegisteredUser - Able to see all the saved shipping and billing addresses under Profile tab]]>
    </line>
    <line>
      <![CDATA[[PASSED] Open https://shop.samsung.com/it]]>
    </line>
    <line>
      <![CDATA[[PASSED] Login Link is clicked]]>
    </line>
    <line>
      <![CDATA[[PASSED] Login Email Textbox TextBox is populated with 'reguser28@gmail.com']]>
    </line>
    <line>
      <![CDATA[[PASSED] Password Textbox TextBox is populated with '***********']]>
    </line>
    <line>
      <![CDATA[[PASSED] Login Button Element is clicked]]>
    </line>
    <line>
      <![CDATA[[PASSED] Hover to Shop Menu]]>
    </line>
    <line>
      <![CDATA[[PASSED] Mobile Element is clicked]]>
    </line>
    <line>
      <![CDATA[[PASSED] Shop All Phones Element is clicked]]>
    </line>
    <line>
      <![CDATA[[PASSED] Add to Cart first product with stock Element is clicked]]>
    </line>
    <line>
      <![CDATA[[PASSED] Checkout Button Element is clicked]]>
    </line>
    <line>
      <![CDATA[[PASSED] Checkout Button Element is clicked]]>
    </line>
    <line>
      <![CDATA[[PASSED] Select New Shipping Address Radio Button Element is displayed]]>
    </line>
    <line>
      <![CDATA[[PASSED] Select New Shipping Address Radio Button Element is clicked]]>
    </line>
    <line>
      <![CDATA[[PASSED] Save Shipping Address CheckBox CheckBox is displayed]]>
    </line>
    <line>
      <![CDATA[[PASSED] Same Address for Billing Element is clicked]]>
    </line>
    <line>
      <![CDATA[[PASSED] No action needed]]>
    </line>
    <line>
      <![CDATA[[PASSED] Select New Billing Address Radio Element is displayed]]>
    </line>
    <line>
      <![CDATA[[PASSED] Select New Billing Address Radio Element is clicked]]>
    </line>
    <line>
      <![CDATA[[PASSED] Save Billing Address CheckBox CheckBox is displayed]]>
    </line>
    <line>
      <![CDATA[[Log:] chrome instance closed.]]>
    </line>
    <line>
      <![CDATA[[Log:] Start automation test in chrome with Dimensions: (1280, 1024)]]>
    </line>
    <line>
      <![CDATA[[Test Case Name] Registered User - User can add/delete / edit the addresses - Billing]]>
    </line>
    <line>
      <![CDATA[[PASSED] Open https://shop.samsung.com/it]]>
    </line>
    <line>
      <![CDATA[[PASSED] Hover to Shop Menu]]>
    </line>
    <line>
      <![CDATA[[PASSED] My account Element is clicked]]>
    </line>
    <line>
      <![CDATA[[PASSED] track-order is displayed]]>
    </line>
    <line>
      <![CDATA[[PASSED] Email TextBox is populated with 'reguser28@gmail.com']]>
    </line>
    <line>
      <![CDATA[[PASSED] Password TextBox is populated with '***********']]>
    </line>
    <line>
      <![CDATA[[PASSED] Sign-In button Element is clicked]]>
    </line>
    <line>
      <![CDATA[[PASSED] Hover to Account Icon]]>
    </line>
    <line>
      <![CDATA[[PASSED] Profile Page Link is clicked]]>
    </line>
    <line>
      <![CDATA[[PASSED] Add New Billing Address Link is clicked]]>
    </line>
    <line>
      <![CDATA[[PASSED] Selected Sig. from Salutation ListBox]]>
    </line>
    <line>
      <![CDATA[[PASSED] Firstname TextBox is populated with 'Phillip']]>
    </line>
    <line>
      <![CDATA[[PASSED] Lastname TextBox is populated with 'Morris StgIT']]>
    </line>
    <line>
      <![CDATA[[PASSED] Address TextBox is populated with '22nd Jump Street']]>
    </line>
    <line>
      <![CDATA[[PASSED] Selected Ancona from State ListBox]]>
    </line>
    <line>
      <![CDATA[[PASSED] Province selected and displayed]]>
    </line>
    <line>
      <![CDATA[[PASSED] City TextBox is populated with 'Rome']]>
    </line>
    <line>
      <![CDATA[[PASSED] Postcode TextBox is populated with '54321']]>
    </line>
    <line>
      <![CDATA[[PASSED] Mobile TextBox is populated with '0612345679']]>
    </line>
    <line>
      <![CDATA[[PASSED] Save Button Element is clicked]]>
    </line>
    <line>
      <![CDATA[[PASSED] Error MessageElement is NOT displayed]]>
    </line>
    <line>
      <![CDATA[[PASSED] Successful Message Element is displayed]]>
    </line>
    <line>
      <![CDATA[[PASSED] Address is saved successfully]]>
    </line>
    <line>
      <![CDATA[[PASSED] Edit Shipping Address Link is clicked]]>
    </line>
    <line>
      <![CDATA[[PASSED] Selected Sig. from Salutation ListBox]]>
    </line>
    <line>
      <![CDATA[[PASSED] Firstname TextBox is populated with 'Juan']]>
    </line>
    <line>
      <![CDATA[[PASSED] Lastname TextBox is populated with 'Dela cruz']]>
    </line>
    <line>
      <![CDATA[[PASSED] House No/Secondary Address TextBox is populated with '32']]>
    </line>
    <line>
      <![CDATA[[PASSED] City TextBox is populated with 'Andulasia']]>
    </line>
    <line>
      <![CDATA[[PASSED] Postcode TextBox is populated with '29660']]>
    </line>
    <line>
      <![CDATA[[PASSED] Mobile TextBox is populated with '967123456']]>
    </line>
    <line>
      <![CDATA[[PASSED] Save Button Element is clicked]]>
    </line>
    <line>
      <![CDATA[[PASSED] Error MessageElement is NOT displayed]]>
    </line>
    <line>
      <![CDATA[[PASSED] Successful Message Element is displayed]]>
    </line>
    <line>
      <![CDATA[[PASSED] Address is saved successfully]]>
    </line>
    <line>
      <![CDATA[[PASSED] Delete Billing Address Link is clicked]]>
    </line>
    <line>
      <![CDATA[[PASSED] Remove Button Element is clicked]]>
    </line>
    <line>
      <![CDATA[[PASSED] Successful Message Element is displayed]]>
    </line>
    <line>
      <![CDATA[[Log:] chrome instance closed.]]>
    </line>
    <line>
      <![CDATA[[Log:] Start automation test in chrome with Dimensions: (1280, 1024)]]>
    </line>
    <line>
      <![CDATA[[Test Case Name] Registered User - User can add/delete/edit the addresses - Shipping]]>
    </line>
    <line>
      <![CDATA[[PASSED] Open https://shop.samsung.com/it]]>
    </line>
    <line>
      <![CDATA[[PASSED] Hover to Shop Menu]]>
    </line>
    <line>
      <![CDATA[[PASSED] My account Element is clicked]]>
    </line>
    <line>
      <![CDATA[[PASSED] track-order is displayed]]>
    </line>
    <line>
      <![CDATA[[PASSED] Email TextBox is populated with 'reguser28@gmail.com']]>
    </line>
    <line>
      <![CDATA[[PASSED] Password TextBox is populated with '***********']]>
    </line>
    <line>
      <![CDATA[[PASSED] Sign-In button Element is clicked]]>
    </line>
    <line>
      <![CDATA[[PASSED] Hover to Account Icon]]>
    </line>
    <line>
      <![CDATA[[PASSED] Profile Page Link is clicked]]>
    </line>
    <line>
      <![CDATA[[PASSED] Add New Shipping Address Link is clicked]]>
    </line>
    <line>
      <![CDATA[[PASSED] Selected Sig. from Salutation ListBox]]>
    </line>
    <line>
      <![CDATA[[PASSED] Firstname TextBox is populated with 'John']]>
    </line>
    <line>
      <![CDATA[[PASSED] Lastname TextBox is populated with 'Doe StgIT']]>
    </line>
    <line>
      <![CDATA[[PASSED] Address TextBox is populated with '21st Jump Street']]>
    </line>
    <line>
      <![CDATA[[PASSED] Street/Road TextBox is populated with '21st Jump Street']]>
    </line>
    <line>
      <![CDATA[[PASSED] Selected Alessandria from State ListBox]]>
    </line>
    <line>
      <![CDATA[[PASSED] Province selected and displayed]]>
    </line>
    <line>
      <![CDATA[[PASSED] City TextBox is populated with 'Milan']]>
    </line>
    <line>
      <![CDATA[[PASSED] Postcode TextBox is populated with '12345']]>
    </line>
    <line>
      <![CDATA[[PASSED] Mobile TextBox is populated with '0612345678']]>
    </line>
    <line>
      <![CDATA[[PASSED] Save Button Element is clicked]]>
    </line>
    <line>
      <![CDATA[[PASSED] Error MessageElement is NOT displayed]]>
    </line>
    <line>
      <![CDATA[[PASSED] Successful Message Element is displayed]]>
    </line>
    <line>
      <![CDATA[[PASSED] Address is saved successfully]]>
    </line>
    <line>
      <![CDATA[[PASSED] Edit Shipping Address Link is clicked]]>
    </line>
    <line>
      <![CDATA[[PASSED] Selected Sig. from Salutation ListBox]]>
    </line>
    <line>
      <![CDATA[[PASSED] Firstname TextBox is populated with 'Paul']]>
    </line>
    <line>
      <![CDATA[[PASSED] Lastname TextBox is populated with 'Doe StgIT']]>
    </line>
    <line>
      <![CDATA[[PASSED] House No/Secondary Address TextBox is populated with 'Narrow Street']]>
    </line>
    <line>
      <![CDATA[[PASSED] City TextBox is populated with 'Milan']]>
    </line>
    <line>
      <![CDATA[[PASSED] Postcode TextBox is populated with '12345']]>
    </line>
    <line>
      <![CDATA[[PASSED] Mobile TextBox is populated with '612345678']]>
    </line>
    <line>
      <![CDATA[[PASSED] Save Button Element is clicked]]>
    </line>
    <line>
      <![CDATA[[PASSED] Error MessageElement is NOT displayed]]>
    </line>
    <line>
      <![CDATA[[PASSED] Successful Message Element is displayed]]>
    </line>
    <line>
      <![CDATA[[PASSED] Address is saved successfully]]>
    </line>
    <line>
      <![CDATA[[PASSED] Delete Shipping Address Link is clicked]]>
    </line>
    <line>
      <![CDATA[[PASSED] Remove Button Element is clicked]]>
    </line>
    <line>
      <![CDATA[[PASSED] Successful Message Element is displayed]]>
    </line>
    <line>
      <![CDATA[[Log:] chrome instance closed.]]>
    </line>
    <line>
      <![CDATA[[Log:] Start automation test in chrome with Dimensions: (1280, 1024)]]>
    </line>
    <line>
      <![CDATA[[Test Case Name] Registered User - Able to view shipping and billing addresses under Profile Tab]]>
    </line>
    <line>
      <![CDATA[[PASSED] Open https://shop.samsung.com/it]]>
    </line>
    <line>
      <![CDATA[[PASSED] Hover to Shop Menu]]>
    </line>
    <line>
      <![CDATA[[PASSED] My account Element is clicked]]>
    </line>
    <line>
      <![CDATA[[PASSED] track-order is displayed]]>
    </line>
    <line>
      <![CDATA[[PASSED] Email TextBox is populated with 'reguser28@gmail.com']]>
    </line>
    <line>
      <![CDATA[[PASSED] Password TextBox is populated with '***********']]>
    </line>
    <line>
      <![CDATA[[PASSED] Sign-In button Element is clicked]]>
    </line>
    <line>
      <![CDATA[[PASSED] Hover to Account Icon]]>
    </line>
    <line>
      <![CDATA[[PASSED] Profile Page Link is clicked]]>
    </line>
    <line>
      <![CDATA[[PASSED] Shipping Addresses Element is displayed]]>
    </line>
    <line>
      <![CDATA[[PASSED] Billing Addresses Element is displayed]]>
    </line>
    <line>
      <![CDATA[[Log:] chrome instance closed.]]>
    </line>
    <line>
      <![CDATA[[Log:] Start automation test in chrome with Dimensions: (1280, 1024)]]>
    </line>
    <line>
      <![CDATA[[Test Case Name] Registered User - User can access Order Tab]]>
    </line>
    <line>
      <![CDATA[[PASSED] Open https://shop.samsung.com/it]]>
    </line>
    <line>
      <![CDATA[[PASSED] Hover to Shop Menu]]>
    </line>
    <line>
      <![CDATA[[PASSED] My account Element is clicked]]>
    </line>
    <line>
      <![CDATA[[PASSED] Email TextBox is populated with 'reguser28@gmail.com']]>
    </line>
    <line>
      <![CDATA[[PASSED] Password TextBox is populated with '***********']]>
    </line>
    <line>
      <![CDATA[[PASSED] Sign-In button Element is clicked]]>
    </line>
    <line>
      <![CDATA[[PASSED] orders is displayed]]>
    </line>
    <line>
      <![CDATA[[Log:] chrome instance closed.]]>
    </line>
  </reporter-output>
  <suite name="PROD SMOKE Test" duration-ms="1840198" started-at="2017-10-01T09:51:16Z" finished-at="2017-10-01T10:21:56Z">
    <groups>
      <group name="GuestUser">
        <method signature="CheckOutTestCase.testCanLoginFromCheckoutAsGuest()[pri:0, instance:com.Prod.TestSuite.test.CheckOutTestCase@2b552920]" name="testCanLoginFromCheckoutAsGuest" class="com.Prod.TestSuite.test.CheckOutTestCase"/>
        <method signature="CheckOutTestCase.testCanUseDifferentBillingAddAsGuest()[pri:0, instance:com.Prod.TestSuite.test.CheckOutTestCase@2b552920]" name="testCanUseDifferentBillingAddAsGuest" class="com.Prod.TestSuite.test.CheckOutTestCase"/>
        <method signature="CheckOutTestCase.testVerifyShippingDetailsAreCorrect()[pri:0, instance:com.Prod.TestSuite.test.CheckOutTestCase@2b552920]" name="testVerifyShippingDetailsAreCorrect" class="com.Prod.TestSuite.test.CheckOutTestCase"/>
        <method signature="GoogleShoppingFeedTestCase.testGoogleShoppingFeedResponseCode()[pri:0, instance:com.Prod.TestSuite.test.GoogleShoppingFeedTestCase@1f36e637]" name="testGoogleShoppingFeedResponseCode" class="com.Prod.TestSuite.test.GoogleShoppingFeedTestCase"/>
        <method signature="PaymentTestCase.testCanPayUsingCreditCardAsGuest()[pri:0, instance:com.Prod.TestSuite.test.PaymentTestCase@627551fb]" name="testCanPayUsingCreditCardAsGuest" class="com.Prod.TestSuite.test.PaymentTestCase"/>
        <method signature="PaymentTestCase.testCanPayUsingFindomesticAsGuestUser()[pri:0, instance:com.Prod.TestSuite.test.PaymentTestCase@627551fb]" name="testCanPayUsingFindomesticAsGuestUser" class="com.Prod.TestSuite.test.PaymentTestCase"/>
        <method signature="PaymentTestCase.testCanPayUsingPayPalAsGuestUser()[pri:0, instance:com.Prod.TestSuite.test.PaymentTestCase@627551fb]" name="testCanPayUsingPayPalAsGuestUser" class="com.Prod.TestSuite.test.PaymentTestCase"/>
        <method signature="ProductDetailsPageTestCase.testCanSelectVariantProduct()[pri:0, instance:com.Prod.TestSuite.test.ProductDetailsPageTestCase@578486a3]" name="testCanSelectVariantProduct" class="com.Prod.TestSuite.test.ProductDetailsPageTestCase"/>
        <method signature="ProductListingTestCase.testFacetsArePresent()[pri:0, instance:com.Prod.TestSuite.test.ProductListingTestCase@2758fe70]" name="testFacetsArePresent" class="com.Prod.TestSuite.test.ProductListingTestCase"/>
        <method signature="ShoppingCartTestCase.testCanIncreaseDecreaseQuantity()[pri:0, instance:com.Prod.TestSuite.test.ShoppingCartTestCase@551aa95a]" name="testCanIncreaseDecreaseQuantity" class="com.Prod.TestSuite.test.ShoppingCartTestCase"/>
        <method signature="ShoppingCartTestCase.testCanRemoveProductInCartAsGuest()[pri:0, instance:com.Prod.TestSuite.test.ShoppingCartTestCase@551aa95a]" name="testCanRemoveProductInCartAsGuest" class="com.Prod.TestSuite.test.ShoppingCartTestCase"/>
        <method signature="ShoppingCartTestCase.testCartPageProperlyDisplayed()[pri:0, instance:com.Prod.TestSuite.test.ShoppingCartTestCase@551aa95a]" name="testCartPageProperlyDisplayed" class="com.Prod.TestSuite.test.ShoppingCartTestCase"/>
        <method signature="ShoppingCartTestCase.testOrderSummaryIsDisplayed()[pri:0, instance:com.Prod.TestSuite.test.ShoppingCartTestCase@551aa95a]" name="testOrderSummaryIsDisplayed" class="com.Prod.TestSuite.test.ShoppingCartTestCase"/>
      </group> <!-- GuestUser -->
      <group name="IT">
        <method signature="PaymentTestCase.testCanPayUsingFindomesticAsGuestUser()[pri:0, instance:com.Prod.TestSuite.test.PaymentTestCase@627551fb]" name="testCanPayUsingFindomesticAsGuestUser" class="com.Prod.TestSuite.test.PaymentTestCase"/>
      </group> <!-- IT -->
      <group name="RegisteredUser">
        <method signature="CheckOutTestCase.testAddressFieldAsRegUser()[pri:0, instance:com.Prod.TestSuite.test.CheckOutTestCase@57536d79]" name="testAddressFieldAsRegUser" class="com.Prod.TestSuite.test.CheckOutTestCase"/>
        <method signature="CheckOutTestCase.testCanLoginFromCheckoutAsReg()[pri:0, instance:com.Prod.TestSuite.test.CheckOutTestCase@57536d79]" name="testCanLoginFromCheckoutAsReg" class="com.Prod.TestSuite.test.CheckOutTestCase"/>
        <method signature="CheckOutTestCase.testCanSelectSavedAddressForRegUser()[pri:0, instance:com.Prod.TestSuite.test.CheckOutTestCase@57536d79]" name="testCanSelectSavedAddressForRegUser" class="com.Prod.TestSuite.test.CheckOutTestCase"/>
        <method signature="CheckOutTestCase.testSaveDetailsDisplayForRegisteredUser()[pri:0, instance:com.Prod.TestSuite.test.CheckOutTestCase@57536d79]" name="testSaveDetailsDisplayForRegisteredUser" class="com.Prod.TestSuite.test.CheckOutTestCase"/>
        <method signature="HomePageTestCase.testCanLoginFromHomePage()[pri:0, instance:com.Prod.TestSuite.test.HomePageTestCase@57baeedf]" name="testCanLoginFromHomePage" class="com.Prod.TestSuite.test.HomePageTestCase"/>
        <method signature="HomePageTestCase.testCanLoginFromHomePageViaShopMenu()[pri:0, instance:com.Prod.TestSuite.test.HomePageTestCase@57baeedf]" name="testCanLoginFromHomePageViaShopMenu" class="com.Prod.TestSuite.test.HomePageTestCase"/>
        <method signature="HomePageTestCase.testHomePageAttributes()[pri:0, instance:com.Prod.TestSuite.test.HomePageTestCase@57baeedf]" name="testHomePageAttributes" class="com.Prod.TestSuite.test.HomePageTestCase"/>
        <method signature="HomePageTestCase.testSearchQuery()[pri:0, instance:com.Prod.TestSuite.test.HomePageTestCase@57baeedf]" name="testSearchQuery" class="com.Prod.TestSuite.test.HomePageTestCase"/>
        <method signature="NavigationTestCase.testCanNavigateToOrderPage()[pri:0, instance:com.Prod.TestSuite.test.NavigationTestCase@5a8e6209]" name="testCanNavigateToOrderPage" class="com.Prod.TestSuite.test.NavigationTestCase"/>
        <method signature="PaymentTestCase.testCanPayUsingCreditCardAsRegistered()[pri:0, instance:com.Prod.TestSuite.test.PaymentTestCase@6ddf90b0]" name="testCanPayUsingCreditCardAsRegistered" class="com.Prod.TestSuite.test.PaymentTestCase"/>
        <method signature="PaymentTestCase.testCanPayUsingPayPalAsRegUser()[pri:0, instance:com.Prod.TestSuite.test.PaymentTestCase@6ddf90b0]" name="testCanPayUsingPayPalAsRegUser" class="com.Prod.TestSuite.test.PaymentTestCase"/>
        <method signature="ProfilePageTestCase.testCanAddEditDeleteBillingAddressAsRegUser()[pri:0, instance:com.Prod.TestSuite.test.ProfilePageTestCase@3b0143d3]" name="testCanAddEditDeleteBillingAddressAsRegUser" class="com.Prod.TestSuite.test.ProfilePageTestCase"/>
        <method signature="ProfilePageTestCase.testCanAddEditDeleteShippingAddressAsRegUser()[pri:0, instance:com.Prod.TestSuite.test.ProfilePageTestCase@3b0143d3]" name="testCanAddEditDeleteShippingAddressAsRegUser" class="com.Prod.TestSuite.test.ProfilePageTestCase"/>
        <method signature="ProfilePageTestCase.testCanViewAddresses()[pri:0, instance:com.Prod.TestSuite.test.ProfilePageTestCase@3b0143d3]" name="testCanViewAddresses" class="com.Prod.TestSuite.test.ProfilePageTestCase"/>
      </group> <!-- RegisteredUser -->
      <group name="Global">
        <method signature="CheckOutTestCase.testAddressFieldAsRegUser()[pri:0, instance:com.Prod.TestSuite.test.CheckOutTestCase@57536d79]" name="testAddressFieldAsRegUser" class="com.Prod.TestSuite.test.CheckOutTestCase"/>
        <method signature="CheckOutTestCase.testCanLoginFromCheckoutAsReg()[pri:0, instance:com.Prod.TestSuite.test.CheckOutTestCase@57536d79]" name="testCanLoginFromCheckoutAsReg" class="com.Prod.TestSuite.test.CheckOutTestCase"/>
        <method signature="CheckOutTestCase.testCanSelectSavedAddressForRegUser()[pri:0, instance:com.Prod.TestSuite.test.CheckOutTestCase@57536d79]" name="testCanSelectSavedAddressForRegUser" class="com.Prod.TestSuite.test.CheckOutTestCase"/>
        <method signature="CheckOutTestCase.testSaveDetailsDisplayForRegisteredUser()[pri:0, instance:com.Prod.TestSuite.test.CheckOutTestCase@57536d79]" name="testSaveDetailsDisplayForRegisteredUser" class="com.Prod.TestSuite.test.CheckOutTestCase"/>
        <method signature="HomePageTestCase.testCanLoginFromHomePage()[pri:0, instance:com.Prod.TestSuite.test.HomePageTestCase@57baeedf]" name="testCanLoginFromHomePage" class="com.Prod.TestSuite.test.HomePageTestCase"/>
        <method signature="HomePageTestCase.testCanLoginFromHomePageViaShopMenu()[pri:0, instance:com.Prod.TestSuite.test.HomePageTestCase@57baeedf]" name="testCanLoginFromHomePageViaShopMenu" class="com.Prod.TestSuite.test.HomePageTestCase"/>
        <method signature="HomePageTestCase.testHomePageAttributes()[pri:0, instance:com.Prod.TestSuite.test.HomePageTestCase@57baeedf]" name="testHomePageAttributes" class="com.Prod.TestSuite.test.HomePageTestCase"/>
        <method signature="HomePageTestCase.testSearchQuery()[pri:0, instance:com.Prod.TestSuite.test.HomePageTestCase@57baeedf]" name="testSearchQuery" class="com.Prod.TestSuite.test.HomePageTestCase"/>
        <method signature="NavigationTestCase.testCanNavigateToOrderPage()[pri:0, instance:com.Prod.TestSuite.test.NavigationTestCase@5a8e6209]" name="testCanNavigateToOrderPage" class="com.Prod.TestSuite.test.NavigationTestCase"/>
        <method signature="PaymentTestCase.testCanPayUsingCreditCardAsRegistered()[pri:0, instance:com.Prod.TestSuite.test.PaymentTestCase@6ddf90b0]" name="testCanPayUsingCreditCardAsRegistered" class="com.Prod.TestSuite.test.PaymentTestCase"/>
        <method signature="PaymentTestCase.testCanPayUsingPayPalAsRegUser()[pri:0, instance:com.Prod.TestSuite.test.PaymentTestCase@6ddf90b0]" name="testCanPayUsingPayPalAsRegUser" class="com.Prod.TestSuite.test.PaymentTestCase"/>
        <method signature="ProfilePageTestCase.testCanAddEditDeleteBillingAddressAsRegUser()[pri:0, instance:com.Prod.TestSuite.test.ProfilePageTestCase@3b0143d3]" name="testCanAddEditDeleteBillingAddressAsRegUser" class="com.Prod.TestSuite.test.ProfilePageTestCase"/>
        <method signature="ProfilePageTestCase.testCanAddEditDeleteShippingAddressAsRegUser()[pri:0, instance:com.Prod.TestSuite.test.ProfilePageTestCase@3b0143d3]" name="testCanAddEditDeleteShippingAddressAsRegUser" class="com.Prod.TestSuite.test.ProfilePageTestCase"/>
        <method signature="ProfilePageTestCase.testCanViewAddresses()[pri:0, instance:com.Prod.TestSuite.test.ProfilePageTestCase@3b0143d3]" name="testCanViewAddresses" class="com.Prod.TestSuite.test.ProfilePageTestCase"/>
        <method signature="CheckOutTestCase.testCanLoginFromCheckoutAsGuest()[pri:0, instance:com.Prod.TestSuite.test.CheckOutTestCase@2b552920]" name="testCanLoginFromCheckoutAsGuest" class="com.Prod.TestSuite.test.CheckOutTestCase"/>
        <method signature="CheckOutTestCase.testCanUseDifferentBillingAddAsGuest()[pri:0, instance:com.Prod.TestSuite.test.CheckOutTestCase@2b552920]" name="testCanUseDifferentBillingAddAsGuest" class="com.Prod.TestSuite.test.CheckOutTestCase"/>
        <method signature="CheckOutTestCase.testVerifyShippingDetailsAreCorrect()[pri:0, instance:com.Prod.TestSuite.test.CheckOutTestCase@2b552920]" name="testVerifyShippingDetailsAreCorrect" class="com.Prod.TestSuite.test.CheckOutTestCase"/>
        <method signature="GoogleShoppingFeedTestCase.testGoogleShoppingFeedResponseCode()[pri:0, instance:com.Prod.TestSuite.test.GoogleShoppingFeedTestCase@1f36e637]" name="testGoogleShoppingFeedResponseCode" class="com.Prod.TestSuite.test.GoogleShoppingFeedTestCase"/>
        <method signature="PaymentTestCase.testCanPayUsingCreditCardAsGuest()[pri:0, instance:com.Prod.TestSuite.test.PaymentTestCase@627551fb]" name="testCanPayUsingCreditCardAsGuest" class="com.Prod.TestSuite.test.PaymentTestCase"/>
        <method signature="PaymentTestCase.testCanPayUsingPayPalAsGuestUser()[pri:0, instance:com.Prod.TestSuite.test.PaymentTestCase@627551fb]" name="testCanPayUsingPayPalAsGuestUser" class="com.Prod.TestSuite.test.PaymentTestCase"/>
        <method signature="ProductDetailsPageTestCase.testCanSelectVariantProduct()[pri:0, instance:com.Prod.TestSuite.test.ProductDetailsPageTestCase@578486a3]" name="testCanSelectVariantProduct" class="com.Prod.TestSuite.test.ProductDetailsPageTestCase"/>
        <method signature="ProductListingTestCase.testFacetsArePresent()[pri:0, instance:com.Prod.TestSuite.test.ProductListingTestCase@2758fe70]" name="testFacetsArePresent" class="com.Prod.TestSuite.test.ProductListingTestCase"/>
        <method signature="ShoppingCartTestCase.testCanIncreaseDecreaseQuantity()[pri:0, instance:com.Prod.TestSuite.test.ShoppingCartTestCase@551aa95a]" name="testCanIncreaseDecreaseQuantity" class="com.Prod.TestSuite.test.ShoppingCartTestCase"/>
        <method signature="ShoppingCartTestCase.testCanRemoveProductInCartAsGuest()[pri:0, instance:com.Prod.TestSuite.test.ShoppingCartTestCase@551aa95a]" name="testCanRemoveProductInCartAsGuest" class="com.Prod.TestSuite.test.ShoppingCartTestCase"/>
        <method signature="ShoppingCartTestCase.testCartPageProperlyDisplayed()[pri:0, instance:com.Prod.TestSuite.test.ShoppingCartTestCase@551aa95a]" name="testCartPageProperlyDisplayed" class="com.Prod.TestSuite.test.ShoppingCartTestCase"/>
        <method signature="ShoppingCartTestCase.testOrderSummaryIsDisplayed()[pri:0, instance:com.Prod.TestSuite.test.ShoppingCartTestCase@551aa95a]" name="testOrderSummaryIsDisplayed" class="com.Prod.TestSuite.test.ShoppingCartTestCase"/>
      </group> <!-- Global -->
    </groups>
    <test name="Guest User Test" duration-ms="921544" started-at="2017-10-01T09:51:16Z" finished-at="2017-10-01T10:06:37Z">
      <class name="com.Prod.TestSuite.test.CheckOutTestCase">
        <test-method status="PASS" signature="openBrowser(java.lang.reflect.Method)[pri:0, instance:com.Prod.TestSuite.test.CheckOutTestCase@2b552920]" name="openBrowser" is-config="true" duration-ms="1385" started-at="2017-10-01T09:58:15Z" finished-at="2017-10-01T09:58:16Z">
          <params>
            <param index="0">
              <value>
                <![CDATA[public void com.Prod.TestSuite.test.CheckOutTestCase.testCanLoginFromCheckoutAsGuest() throws java.io.IOException]]>
              </value>
            </param>
          </params>
          <reporter-output>
            <line>
              <![CDATA[[Log:] Start automation test in chrome with Dimensions: (1280, 1024)]]>
            </line>
          </reporter-output>
        </test-method> <!-- openBrowser -->
[...]
              <![CDATA[[PASSED] Mobile TextBox is populated with '0612345678']]>
            </line>
            <line>
              <![CDATA[[PASSED] Street/Road TextBox is populated with '21st Jump Street']]>
            </line>
            <line>
              <![CDATA[[PASSED] Street/Road 2 TextBox is populated with 'Narrow Street']]>
            </line>
            <line>
              <![CDATA[[PASSED] City TextBox is populated with 'Milan']]>
            </line>
            <line>
              <![CDATA[[PASSED] Selected Alessandria from Province dropdown menu ListBox]]>
            </line>
            <line>
              <![CDATA[[PASSED] Province selected and displayed]]>
            </line>
            <line>
              <![CDATA[[PASSED] Postcode TextBox is populated with '12345']]>
            </line>
            <line>
              <![CDATA[[PASSED] Continue button is clicked]]>
            </line>
            <line>
              <![CDATA[[PASSED] PayPal Element is clicked]]>
            </line>
            <line>
              <![CDATA[[PASSED] Terms and Conditions CheckBox is displayed]]>
            </line>
            <line>
              <![CDATA[[PASSED] Terms and Conditions CheckBox value is set to true]]>
            </line>
            <line>
              <![CDATA[[PASSED] Submit Order Element is clicked]]>
            </line>
            <line>
              <![CDATA[[PASSED] paypal.com is displayed]]>
            </line>
            <line>
              <![CDATA[[Log:] Sending 'GET' request to URL : https://www.paypal.com/cgi-bin/webscr?useraction=commit&cmd=_express-checkout&token=EC-55V264057V525684R#/checkout/login]]>
            </line>
            <line>
              <![CDATA[[Log:] Response Code : 200]]>
            </line>
            <line>
              <![CDATA[[PASSED] Response code is: 200]]>
            </line>
          </reporter-output>
        </test-method> <!-- testCanPayUsingPayPalAsRegUser -->
        <test-method status="PASS" signature="afterMethod(org.testng.ITestResult)[pri:0, instance:com.Prod.TestSuite.test.PaymentTestCase@6ddf90b0]" name="afterMethod" is-config="true" duration-ms="40" started-at="2017-10-01T10:05:49Z" finished-at="2017-10-01T10:05:49Z">
          <params>
            <param index="0">
              <value>
                <![CDATA[[TestResult name=testCanPayUsingPayPalAsRegUser status=SUCCESS method=PaymentTestCase.testCanPayUsingPayPalAsRegUser()[pri:0, instance:com.Prod.TestSuite.test.PaymentTestCase@6ddf90b0] output=[Test Case Name] RegisteredUser - Able to navigate to Paypal Page]]]>
              </value>
            </param>
          </params>
          <reporter-output>
            <line>
              <![CDATA[[Log:] chrome instance closed.]]>
            </line>
          </reporter-output>
        </test-method> <!-- afterMethod -->
      </class> <!-- com.Prod.TestSuite.test.PaymentTestCase -->
      <class name="com.Prod.TestSuite.test.ProfilePageTestCase">
        <test-method status="PASS" signature="openBrowser(java.lang.reflect.Method)[pri:0, instance:com.Prod.TestSuite.test.ProfilePageTestCase@3b0143d3]" name="openBrowser" is-config="true" duration-ms="1454" started-at="2017-10-01T10:13:31Z" finished-at="2017-10-01T10:13:32Z">
          <params>
            <param index="0">
              <value>
                <![CDATA[public void com.Prod.TestSuite.test.ProfilePageTestCase.testCanAddEditDeleteBillingAddressAsRegUser() throws java.io.IOException,jxl.read.biff.BiffException]]>
              </value>
            </param>
          </params>
          <reporter-output>
            <line>
              <![CDATA[[Log:] Start automation test in chrome with Dimensions: (1280, 1024)]]>
            </line>
          </reporter-output>
        </test-method> <!-- openBrowser -->
        <test-method status="PASS" signature="testCanAddEditDeleteBillingAddressAsRegUser()[pri:0, instance:com.Prod.TestSuite.test.ProfilePageTestCase@3b0143d3]" name="testCanAddEditDeleteBillingAddressAsRegUser" duration-ms="211589" started-at="2017-10-01T10:13:32Z" finished-at="2017-10-01T10:17:04Z">
          <reporter-output>
            <line>
              <![CDATA[[Test Case Name] Registered User - User can add/delete / edit the addresses - Billing]]>
            </line>
            <line>
              <![CDATA[[PASSED] Open https://shop.samsung.com/it]]>
            </line>
            <line>
              <![CDATA[[PASSED] Hover to Shop Menu]]>
            </line>
            <line>
              <![CDATA[[PASSED] My account Element is clicked]]>
            </line>
            <line>
              <![CDATA[[PASSED] track-order is displayed]]>
            </line>
            <line>
              <![CDATA[[PASSED] Email TextBox is populated with 'reguser28@gmail.com']]>
            </line>
            <line>
              <![CDATA[[PASSED] Password TextBox is populated with '***********']]>
            </line>
            <line>
              <![CDATA[[PASSED] Sign-In button Element is clicked]]>
            </line>
            <line>
              <![CDATA[[PASSED] Hover to Account Icon]]>
            </line>
            <line>
              <![CDATA[[PASSED] Profile Page Link is clicked]]>
            </line>
            <line>
              <![CDATA[[PASSED] Add New Billing Address Link is clicked]]>
            </line>
            <line>
              <![CDATA[[PASSED] Selected Sig. from Salutation ListBox]]>
            </line>
            <line>
              <![CDATA[[PASSED] Firstname TextBox is populated with 'Phillip']]>
            </line>
            <line>
              <![CDATA[[PASSED] Lastname TextBox is populated with 'Morris StgIT']]>
            </line>
            <line>
              <![CDATA[[PASSED] Address TextBox is populated with '22nd Jump Street']]>
            </line>
            <line>
              <![CDATA[[PASSED] Selected Ancona from State ListBox]]>
            </line>
            <line>
              <![CDATA[[PASSED] Province selected and displayed]]>
            </line>
            <line>
              <![CDATA[[PASSED] City TextBox is populated with 'Rome']]>
            </line>
            <line>
              <![CDATA[[PASSED] Postcode TextBox is populated with '54321']]>
            </line>
            <line>
              <![CDATA[[PASSED] Mobile TextBox is populated with '0612345679']]>
            </line>
            <line>
              <![CDATA[[PASSED] Save Button Element is clicked]]>
            </line>
            <line>
              <![CDATA[[PASSED] Error MessageElement is NOT displayed]]>
            </line>
            <line>
              <![CDATA[[PASSED] Successful Message Element is displayed]]>
            </line>
            <line>
              <![CDATA[[PASSED] Address is saved successfully]]>
            </line>
            <line>
              <![CDATA[[PASSED] Edit Shipping Address Link is clicked]]>
            </line>
            <line>
              <![CDATA[[PASSED] Selected Sig. from Salutation ListBox]]>
            </line>
            <line>
              <![CDATA[[PASSED] Firstname TextBox is populated with 'Juan']]>
            </line>
            <line>
              <![CDATA[[PASSED] Lastname TextBox is populated with 'Dela cruz']]>
            </line>
            <line>
              <![CDATA[[PASSED] House No/Secondary Address TextBox is populated with '32']]>
            </line>
            <line>
              <![CDATA[[PASSED] City TextBox is populated with 'Andulasia']]>
            </line>
            <line>
              <![CDATA[[PASSED] Postcode TextBox is populated with '29660']]>
            </line>
            <line>
              <![CDATA[[PASSED] Mobile TextBox is populated with '967123456']]>
            </line>
            <line>
              <![CDATA[[PASSED] Save Button Element is clicked]]>
            </line>
            <line>
              <![CDATA[[PASSED] Error MessageElement is NOT displayed]]>
            </line>
            <line>
              <![CDATA[[PASSED] Successful Message Element is displayed]]>
            </line>
            <line>
              <![CDATA[[PASSED] Address is saved successfully]]>
            </line>
            <line>
              <![CDATA[[PASSED] Delete Billing Address Link is clicked]]>
            </line>
            <line>
              <![CDATA[[PASSED] Remove Button Element is clicked]]>
            </line>
            <line>
              <![CDATA[[PASSED] Successful Message Element is displayed]]>
            </line>
          </reporter-output>
        </test-method> <!-- testCanAddEditDeleteBillingAddressAsRegUser -->
        <test-method status="PASS" signature="afterMethod(org.testng.ITestResult)[pri:0, instance:com.Prod.TestSuite.test.ProfilePageTestCase@3b0143d3]" name="afterMethod" is-config="true" duration-ms="32" started-at="2017-10-01T10:17:04Z" finished-at="2017-10-01T10:17:04Z">
          <params>
            <param index="0">
              <value>
                <![CDATA[[TestResult name=testCanAddEditDeleteBillingAddressAsRegUser status=SUCCESS method=ProfilePageTestCase.testCanAddEditDeleteBillingAddressAsRegUser()[pri:0, instance:com.Prod.TestSuite.test.ProfilePageTestCase@3b0143d3] output=[Test Case Name] Registered User - User can add/delete / edit the addresses - Billing]]]>
              </value>
            </param>
          </params>
          <reporter-output>
            <line>
              <![CDATA[[Log:] chrome instance closed.]]>
            </line>
          </reporter-output>
        </test-method> <!-- afterMethod -->
        <test-method status="PASS" signature="openBrowser(java.lang.reflect.Method)[pri:0, instance:com.Prod.TestSuite.test.ProfilePageTestCase@3b0143d3]" name="openBrowser" is-config="true" duration-ms="878" started-at="2017-10-01T10:17:04Z" finished-at="2017-10-01T10:17:04Z">
          <params>
            <param index="0">
              <value>
                <![CDATA[public void com.Prod.TestSuite.test.ProfilePageTestCase.testCanAddEditDeleteShippingAddressAsRegUser() throws java.io.IOException,jxl.read.biff.BiffException]]>
              </value>
            </param>
          </params>
          <reporter-output>
            <line>
              <![CDATA[[Log:] Start automation test in chrome with Dimensions: (1280, 1024)]]>
            </line>
          </reporter-output>
        </test-method> <!-- openBrowser -->
        <test-method status="PASS" signature="testCanAddEditDeleteShippingAddressAsRegUser()[pri:0, instance:com.Prod.TestSuite.test.ProfilePageTestCase@3b0143d3]" name="testCanAddEditDeleteShippingAddressAsRegUser" duration-ms="205899" started-at="2017-10-01T10:17:04Z" finished-at="2017-10-01T10:20:30Z">
          <reporter-output>
            <line>
              <![CDATA[[Test Case Name] Registered User - User can add/delete/edit the addresses - Shipping]]>
            </line>
            <line>
              <![CDATA[[PASSED] Open https://shop.samsung.com/it]]>
            </line>
            <line>
              <![CDATA[[PASSED] Hover to Shop Menu]]>
            </line>
            <line>
              <![CDATA[[PASSED] My account Element is clicked]]>
            </line>
            <line>
              <![CDATA[[PASSED] track-order is displayed]]>
            </line>
            <line>
              <![CDATA[[PASSED] Email TextBox is populated with 'reguser28@gmail.com']]>
            </line>
            <line>
              <![CDATA[[PASSED] Password TextBox is populated with '***********']]>
            </line>
            <line>
              <![CDATA[[PASSED] Sign-In button Element is clicked]]>
            </line>
            <line>
              <![CDATA[[PASSED] Hover to Account Icon]]>
            </line>
            <line>
              <![CDATA[[PASSED] Profile Page Link is clicked]]>
            </line>
            <line>
              <![CDATA[[PASSED] Add New Shipping Address Link is clicked]]>
            </line>
            <line>
              <![CDATA[[PASSED] Selected Sig. from Salutation ListBox]]>
            </line>
            <line>
              <![CDATA[[PASSED] Firstname TextBox is populated with 'John']]>
            </line>
            <line>
              <![CDATA[[PASSED] Lastname TextBox is populated with 'Doe StgIT']]>
            </line>
            <line>
              <![CDATA[[PASSED] Address TextBox is populated with '21st Jump Street']]>
            </line>
            <line>
              <![CDATA[[PASSED] Street/Road TextBox is populated with '21st Jump Street']]>
            </line>
            <line>
              <![CDATA[[PASSED] Selected Alessandria from State ListBox]]>
            </line>
            <line>
              <![CDATA[[PASSED] Province selected and displayed]]>
            </line>
            <line>
              <![CDATA[[PASSED] City TextBox is populated with 'Milan']]>
            </line>
            <line>
              <![CDATA[[PASSED] Postcode TextBox is populated with '12345']]>
            </line>
            <line>
              <![CDATA[[PASSED] Mobile TextBox is populated with '0612345678']]>
            </line>
            <line>
              <![CDATA[[PASSED] Save Button Element is clicked]]>
            </line>
            <line>
              <![CDATA[[PASSED] Error MessageElement is NOT displayed]]>
            </line>
            <line>
              <![CDATA[[PASSED] Successful Message Element is displayed]]>
            </line>
            <line>
              <![CDATA[[PASSED] Address is saved successfully]]>
            </line>
            <line>
              <![CDATA[[PASSED] Edit Shipping Address Link is clicked]]>
            </line>
            <line>
              <![CDATA[[PASSED] Selected Sig. from Salutation ListBox]]>
            </line>
            <line>
              <![CDATA[[PASSED] Firstname TextBox is populated with 'Paul']]>
            </line>
            <line>
              <![CDATA[[PASSED] Lastname TextBox is populated with 'Doe StgIT']]>
            </line>
            <line>
              <![CDATA[[PASSED] House No/Secondary Address TextBox is populated with 'Narrow Street']]>
            </line>
            <line>
              <![CDATA[[PASSED] City TextBox is populated with 'Milan']]>
            </line>
            <line>
              <![CDATA[[PASSED] Postcode TextBox is populated with '12345']]>
            </line>
            <line>
              <![CDATA[[PASSED] Mobile TextBox is populated with '612345678']]>
            </line>
            <line>
              <![CDATA[[PASSED] Save Button Element is clicked]]>
            </line>
            <line>
              <![CDATA[[PASSED] Error MessageElement is NOT displayed]]>
            </line>
            <line>
              <![CDATA[[PASSED] Successful Message Element is displayed]]>
            </line>
            <line>
              <![CDATA[[PASSED] Address is saved successfully]]>
            </line>
            <line>
              <![CDATA[[PASSED] Delete Shipping Address Link is clicked]]>
            </line>
            <line>
              <![CDATA[[PASSED] Remove Button Element is clicked]]>
            </line>
            <line>
              <![CDATA[[PASSED] Successful Message Element is displayed]]>
            </line>
          </reporter-output>
        </test-method> <!-- testCanAddEditDeleteShippingAddressAsRegUser -->
        <test-method status="PASS" signature="afterMethod(org.testng.ITestResult)[pri:0, instance:com.Prod.TestSuite.test.ProfilePageTestCase@3b0143d3]" name="afterMethod" is-config="true" duration-ms="35" started-at="2017-10-01T10:20:30Z" finished-at="2017-10-01T10:20:30Z">
          <params>
            <param index="0">
              <value>
                <![CDATA[[TestResult name=testCanAddEditDeleteShippingAddressAsRegUser status=SUCCESS method=ProfilePageTestCase.testCanAddEditDeleteShippingAddressAsRegUser()[pri:0, instance:com.Prod.TestSuite.test.ProfilePageTestCase@3b0143d3] output=[Test Case Name] Registered User - User can add/delete/edit the addresses - Shipping]]]>
              </value>
            </param>
          </params>
          <reporter-output>
            <line>
              <![CDATA[[Log:] chrome instance closed.]]>
            </line>
          </reporter-output>
        </test-method> <!-- afterMethod -->
        <test-method status="PASS" signature="openBrowser(java.lang.reflect.Method)[pri:0, instance:com.Prod.TestSuite.test.ProfilePageTestCase@3b0143d3]" name="openBrowser" is-config="true" duration-ms="941" started-at="2017-10-01T10:20:30Z" finished-at="2017-10-01T10:20:31Z">
          <params>
            <param index="0">
              <value>
                <![CDATA[public void com.Prod.TestSuite.test.ProfilePageTestCase.testCanViewAddresses()]]>
              </value>
            </param>
          </params>
          <reporter-output>
            <line>
              <![CDATA[[Log:] Start automation test in chrome with Dimensions: (1280, 1024)]]>
            </line>
          </reporter-output>
        </test-method> <!-- openBrowser -->
        <test-method status="PASS" signature="testCanViewAddresses()[pri:0, instance:com.Prod.TestSuite.test.ProfilePageTestCase@3b0143d3]" name="testCanViewAddresses" duration-ms="31897" started-at="2017-10-01T10:20:31Z" finished-at="2017-10-01T10:21:03Z">
          <reporter-output>
            <line>
              <![CDATA[[Test Case Name] Registered User - Able to view shipping and billing addresses under Profile Tab]]>
            </line>
            <line>
              <![CDATA[[PASSED] Open https://shop.samsung.com/it]]>
            </line>
            <line>
              <![CDATA[[PASSED] Hover to Shop Menu]]>
            </line>
            <line>
              <![CDATA[[PASSED] My account Element is clicked]]>
            </line>
            <line>
              <![CDATA[[PASSED] track-order is displayed]]>
            </line>
            <line>
              <![CDATA[[PASSED] Email TextBox is populated with 'reguser28@gmail.com']]>
            </line>
            <line>
              <![CDATA[[PASSED] Password TextBox is populated with '***********']]>
            </line>
            <line>
              <![CDATA[[PASSED] Sign-In button Element is clicked]]>
            </line>
            <line>
              <![CDATA[[PASSED] Hover to Account Icon]]>
            </line>
            <line>
              <![CDATA[[PASSED] Profile Page Link is clicked]]>
            </line>
            <line>
              <![CDATA[[PASSED] Shipping Addresses Element is displayed]]>
            </line>
            <line>
              <![CDATA[[PASSED] Billing Addresses Element is displayed]]>
            </line>
          </reporter-output>
        </test-method> <!-- testCanViewAddresses -->
        <test-method status="PASS" signature="afterMethod(org.testng.ITestResult)[pri:0, instance:com.Prod.TestSuite.test.ProfilePageTestCase@3b0143d3]" name="afterMethod" is-config="true" duration-ms="39" started-at="2017-10-01T10:21:03Z" finished-at="2017-10-01T10:21:03Z">
          <params>
            <param index="0">
              <value>
                <![CDATA[[TestResult name=testCanViewAddresses status=SUCCESS method=ProfilePageTestCase.testCanViewAddresses()[pri:0, instance:com.Prod.TestSuite.test.ProfilePageTestCase@3b0143d3] output=[Test Case Name] Registered User - Able to view shipping and billing addresses under Profile Tab]]]>
              </value>
            </param>
          </params>
          <reporter-output>
            <line>
              <![CDATA[[Log:] chrome instance closed.]]>
            </line>
          </reporter-output>
        </test-method> <!-- afterMethod -->
      </class> <!-- com.Prod.TestSuite.test.ProfilePageTestCase -->
    </test> <!-- Registered User Test -->
  </suite> <!-- PROD SMOKE Test -->
</testng-results>
